{
  "/Users/dmillen/Course/CatchMe-Web/src/components/Footer.js": {
    "path": "/Users/dmillen/Course/CatchMe-Web/src/components/Footer.js",
    "statementMap": {
      "0": {
        "start": {
          "line": 5,
          "column": 4
        },
        "end": {
          "line": 9,
          "column": 5
        }
      }
    },
    "fnMap": {
      "0": {
        "name": "(anonymous_0)",
        "decl": {
          "start": {
            "line": 4,
            "column": 2
          },
          "end": {
            "line": 4,
            "column": 3
          }
        },
        "loc": {
          "start": {
            "line": 4,
            "column": 11
          },
          "end": {
            "line": 10,
            "column": 3
          }
        },
        "line": 4
      }
    },
    "branchMap": {},
    "s": {
      "0": 68
    },
    "f": {
      "0": 68
    },
    "b": {},
    "_coverageSchema": "1a1c01bbd47fc00a2c39e90264f33305004495a9",
    "hash": "915465b11d399a811a8177fbb07587a47bf0faa1"
  },
  "/Users/dmillen/Course/CatchMe-Web/src/Pages/Home.js": {
    "path": "/Users/dmillen/Course/CatchMe-Web/src/Pages/Home.js",
    "statementMap": {
      "0": {
        "start": {
          "line": 14,
          "column": 17
        },
        "end": {
          "line": 20,
          "column": 5
        }
      },
      "1": {
        "start": {
          "line": 22,
          "column": 17
        },
        "end": {
          "line": 28,
          "column": 5
        }
      },
      "2": {
        "start": {
          "line": 30,
          "column": 18
        },
        "end": {
          "line": 36,
          "column": 5
        }
      },
      "3": {
        "start": {
          "line": 38,
          "column": 4
        },
        "end": {
          "line": 54,
          "column": 5
        }
      },
      "4": {
        "start": {
          "line": 45,
          "column": 32
        },
        "end": {
          "line": 45,
          "column": 43
        }
      },
      "5": {
        "start": {
          "line": 46,
          "column": 32
        },
        "end": {
          "line": 46,
          "column": 44
        }
      },
      "6": {
        "start": {
          "line": 47,
          "column": 32
        },
        "end": {
          "line": 47,
          "column": 44
        }
      },
      "7": {
        "start": {
          "line": 48,
          "column": 32
        },
        "end": {
          "line": 48,
          "column": 44
        }
      }
    },
    "fnMap": {
      "0": {
        "name": "(anonymous_0)",
        "decl": {
          "start": {
            "line": 12,
            "column": 2
          },
          "end": {
            "line": 12,
            "column": 3
          }
        },
        "loc": {
          "start": {
            "line": 12,
            "column": 11
          },
          "end": {
            "line": 55,
            "column": 3
          }
        },
        "line": 12
      },
      "1": {
        "name": "(anonymous_1)",
        "decl": {
          "start": {
            "line": 45,
            "column": 25
          },
          "end": {
            "line": 45,
            "column": 26
          }
        },
        "loc": {
          "start": {
            "line": 45,
            "column": 32
          },
          "end": {
            "line": 45,
            "column": 43
          }
        },
        "line": 45
      },
      "2": {
        "name": "(anonymous_2)",
        "decl": {
          "start": {
            "line": 46,
            "column": 25
          },
          "end": {
            "line": 46,
            "column": 26
          }
        },
        "loc": {
          "start": {
            "line": 46,
            "column": 32
          },
          "end": {
            "line": 46,
            "column": 44
          }
        },
        "line": 46
      },
      "3": {
        "name": "(anonymous_3)",
        "decl": {
          "start": {
            "line": 47,
            "column": 25
          },
          "end": {
            "line": 47,
            "column": 26
          }
        },
        "loc": {
          "start": {
            "line": 47,
            "column": 32
          },
          "end": {
            "line": 47,
            "column": 44
          }
        },
        "line": 47
      },
      "4": {
        "name": "(anonymous_4)",
        "decl": {
          "start": {
            "line": 48,
            "column": 25
          },
          "end": {
            "line": 48,
            "column": 26
          }
        },
        "loc": {
          "start": {
            "line": 48,
            "column": 32
          },
          "end": {
            "line": 48,
            "column": 44
          }
        },
        "line": 48
      }
    },
    "branchMap": {},
    "s": {
      "0": 32,
      "1": 32,
      "2": 32,
      "3": 32,
      "4": 3,
      "5": 6,
      "6": 4,
      "7": 4
    },
    "f": {
      "0": 32,
      "1": 3,
      "2": 6,
      "3": 4,
      "4": 4
    },
    "b": {},
    "_coverageSchema": "1a1c01bbd47fc00a2c39e90264f33305004495a9",
    "hash": "66dfb9543aad7194b6537d10174738b00685173d"
  },
  "/Users/dmillen/Course/CatchMe-Web/src/components/Header.js": {
    "path": "/Users/dmillen/Course/CatchMe-Web/src/components/Header.js",
    "statementMap": {
      "0": {
        "start": {
          "line": 8,
          "column": 4
        },
        "end": {
          "line": 16,
          "column": 5
        }
      }
    },
    "fnMap": {
      "0": {
        "name": "(anonymous_0)",
        "decl": {
          "start": {
            "line": 7,
            "column": 2
          },
          "end": {
            "line": 7,
            "column": 3
          }
        },
        "loc": {
          "start": {
            "line": 7,
            "column": 11
          },
          "end": {
            "line": 17,
            "column": 3
          }
        },
        "line": 7
      }
    },
    "branchMap": {},
    "s": {
      "0": 26
    },
    "f": {
      "0": 26
    },
    "b": {},
    "_coverageSchema": "1a1c01bbd47fc00a2c39e90264f33305004495a9",
    "hash": "c47d8de11f7b5d78b6902df111ed04e8863ba19d"
  },
  "/Users/dmillen/Course/CatchMe-Web/src/Pages/How-to-play.js": {
    "path": "/Users/dmillen/Course/CatchMe-Web/src/Pages/How-to-play.js",
    "statementMap": {
      "0": {
        "start": {
          "line": 7,
          "column": 4
        },
        "end": {
          "line": 20,
          "column": 5
        }
      }
    },
    "fnMap": {
      "0": {
        "name": "(anonymous_0)",
        "decl": {
          "start": {
            "line": 6,
            "column": 2
          },
          "end": {
            "line": 6,
            "column": 3
          }
        },
        "loc": {
          "start": {
            "line": 6,
            "column": 11
          },
          "end": {
            "line": 21,
            "column": 3
          }
        },
        "line": 6
      }
    },
    "branchMap": {},
    "s": {
      "0": 9
    },
    "f": {
      "0": 9
    },
    "b": {},
    "_coverageSchema": "1a1c01bbd47fc00a2c39e90264f33305004495a9",
    "hash": "28e9d5e269e333a427c5ff08ab08f0ee44857270"
  },
  "/Users/dmillen/Course/CatchMe-Web/src/graphql/mutations/createRace.js": {
    "path": "/Users/dmillen/Course/CatchMe-Web/src/graphql/mutations/createRace.js",
    "statementMap": {
      "0": {
        "start": {
          "line": 3,
          "column": 27
        },
        "end": {
          "line": 10,
          "column": 1
        }
      }
    },
    "fnMap": {},
    "branchMap": {},
    "s": {
      "0": 34
    },
    "f": {},
    "b": {},
    "_coverageSchema": "1a1c01bbd47fc00a2c39e90264f33305004495a9",
    "hash": "85d6b5f516ce9e1deb82aaa5000b90a5060f1c4a"
  },
  "/Users/dmillen/Course/CatchMe-Web/src/graphql/mutations/createUser.js": {
    "path": "/Users/dmillen/Course/CatchMe-Web/src/graphql/mutations/createUser.js",
    "statementMap": {
      "0": {
        "start": {
          "line": 3,
          "column": 27
        },
        "end": {
          "line": 10,
          "column": 1
        }
      }
    },
    "fnMap": {},
    "branchMap": {},
    "s": {
      "0": 34
    },
    "f": {},
    "b": {},
    "_coverageSchema": "1a1c01bbd47fc00a2c39e90264f33305004495a9",
    "hash": "f08017ea06c1eaa299b1b153d5c694300f0f61b5"
  },
  "/Users/dmillen/Course/CatchMe-Web/src/components/CreateRaceForm.js": {
    "path": "/Users/dmillen/Course/CatchMe-Web/src/components/CreateRaceForm.js",
    "statementMap": {
      "0": {
        "start": {
          "line": 10,
          "column": 34
        },
        "end": {
          "line": 10,
          "column": 55
        }
      },
      "1": {
        "start": {
          "line": 11,
          "column": 34
        },
        "end": {
          "line": 11,
          "column": 52
        }
      },
      "2": {
        "start": {
          "line": 12,
          "column": 43
        },
        "end": {
          "line": 12,
          "column": 67
        }
      },
      "3": {
        "start": {
          "line": 13,
          "column": 51
        },
        "end": {
          "line": 13,
          "column": 75
        }
      },
      "4": {
        "start": {
          "line": 14,
          "column": 18
        },
        "end": {
          "line": 14,
          "column": 30
        }
      },
      "5": {
        "start": {
          "line": 17,
          "column": 4
        },
        "end": {
          "line": 17,
          "column": 27
        }
      },
      "6": {
        "start": {
          "line": 18,
          "column": 4
        },
        "end": {
          "line": 38,
          "column": 7
        }
      },
      "7": {
        "start": {
          "line": 22,
          "column": 23
        },
        "end": {
          "line": 22,
          "column": 56
        }
      },
      "8": {
        "start": {
          "line": 24,
          "column": 8
        },
        "end": {
          "line": 35,
          "column": 11
        }
      },
      "9": {
        "start": {
          "line": 26,
          "column": 27
        },
        "end": {
          "line": 26,
          "column": 60
        }
      },
      "10": {
        "start": {
          "line": 27,
          "column": 12
        },
        "end": {
          "line": 32,
          "column": 15
        }
      },
      "11": {
        "start": {
          "line": 41,
          "column": 22
        },
        "end": {
          "line": 43,
          "column": 3
        }
      },
      "12": {
        "start": {
          "line": 42,
          "column": 4
        },
        "end": {
          "line": 42,
          "column": 28
        }
      },
      "13": {
        "start": {
          "line": 45,
          "column": 16
        },
        "end": {
          "line": 51,
          "column": 3
        }
      },
      "14": {
        "start": {
          "line": 53,
          "column": 28
        },
        "end": {
          "line": 55,
          "column": 3
        }
      },
      "15": {
        "start": {
          "line": 54,
          "column": 4
        },
        "end": {
          "line": 54,
          "column": 36
        }
      },
      "16": {
        "start": {
          "line": 57,
          "column": 27
        },
        "end": {
          "line": 59,
          "column": 3
        }
      },
      "17": {
        "start": {
          "line": 58,
          "column": 4
        },
        "end": {
          "line": 58,
          "column": 36
        }
      },
      "18": {
        "start": {
          "line": 61,
          "column": 2
        },
        "end": {
          "line": 98,
          "column": 4
        }
      },
      "19": {
        "start": {
          "line": 95,
          "column": 31
        },
        "end": {
          "line": 95,
          "column": 43
        }
      }
    },
    "fnMap": {
      "0": {
        "name": "CreateRaceForm",
        "decl": {
          "start": {
            "line": 9,
            "column": 24
          },
          "end": {
            "line": 9,
            "column": 38
          }
        },
        "loc": {
          "start": {
            "line": 9,
            "column": 41
          },
          "end": {
            "line": 99,
            "column": 1
          }
        },
        "line": 9
      },
      "1": {
        "name": "handleCreateRace",
        "decl": {
          "start": {
            "line": 16,
            "column": 11
          },
          "end": {
            "line": 16,
            "column": 27
          }
        },
        "loc": {
          "start": {
            "line": 16,
            "column": 35
          },
          "end": {
            "line": 39,
            "column": 3
          }
        },
        "line": 16
      },
      "2": {
        "name": "(anonymous_2)",
        "decl": {
          "start": {
            "line": 19,
            "column": 14
          },
          "end": {
            "line": 19,
            "column": 15
          }
        },
        "loc": {
          "start": {
            "line": 19,
            "column": 41
          },
          "end": {
            "line": 36,
            "column": 7
          }
        },
        "line": 19
      },
      "3": {
        "name": "(anonymous_3)",
        "decl": {
          "start": {
            "line": 25,
            "column": 18
          },
          "end": {
            "line": 25,
            "column": 19
          }
        },
        "loc": {
          "start": {
            "line": 25,
            "column": 45
          },
          "end": {
            "line": 33,
            "column": 11
          }
        },
        "line": 25
      },
      "4": {
        "name": "(anonymous_4)",
        "decl": {
          "start": {
            "line": 41,
            "column": 22
          },
          "end": {
            "line": 41,
            "column": 23
          }
        },
        "loc": {
          "start": {
            "line": 41,
            "column": 28
          },
          "end": {
            "line": 43,
            "column": 3
          }
        },
        "line": 41
      },
      "5": {
        "name": "(anonymous_5)",
        "decl": {
          "start": {
            "line": 53,
            "column": 28
          },
          "end": {
            "line": 53,
            "column": 29
          }
        },
        "loc": {
          "start": {
            "line": 53,
            "column": 39
          },
          "end": {
            "line": 55,
            "column": 3
          }
        },
        "line": 53
      },
      "6": {
        "name": "(anonymous_6)",
        "decl": {
          "start": {
            "line": 57,
            "column": 27
          },
          "end": {
            "line": 57,
            "column": 28
          }
        },
        "loc": {
          "start": {
            "line": 57,
            "column": 38
          },
          "end": {
            "line": 59,
            "column": 3
          }
        },
        "line": 57
      },
      "7": {
        "name": "(anonymous_7)",
        "decl": {
          "start": {
            "line": 95,
            "column": 24
          },
          "end": {
            "line": 95,
            "column": 25
          }
        },
        "loc": {
          "start": {
            "line": 95,
            "column": 31
          },
          "end": {
            "line": 95,
            "column": 43
          }
        },
        "line": 95
      }
    },
    "branchMap": {},
    "s": {
      "0": 10,
      "1": 10,
      "2": 10,
      "3": 10,
      "4": 10,
      "5": 0,
      "6": 0,
      "7": 0,
      "8": 0,
      "9": 0,
      "10": 0,
      "11": 10,
      "12": 0,
      "13": 10,
      "14": 10,
      "15": 0,
      "16": 10,
      "17": 0,
      "18": 10,
      "19": 0
    },
    "f": {
      "0": 10,
      "1": 0,
      "2": 0,
      "3": 0,
      "4": 0,
      "5": 0,
      "6": 0,
      "7": 0
    },
    "b": {},
    "_coverageSchema": "1a1c01bbd47fc00a2c39e90264f33305004495a9",
    "hash": "d32d0a948df042e5c76342805bb08abf20dcd9e2"
  },
  "/Users/dmillen/Course/CatchMe-Web/src/components/Header2.js": {
    "path": "/Users/dmillen/Course/CatchMe-Web/src/components/Header2.js",
    "statementMap": {
      "0": {
        "start": {
          "line": 7,
          "column": 4
        },
        "end": {
          "line": 14,
          "column": 5
        }
      }
    },
    "fnMap": {
      "0": {
        "name": "(anonymous_0)",
        "decl": {
          "start": {
            "line": 6,
            "column": 2
          },
          "end": {
            "line": 6,
            "column": 3
          }
        },
        "loc": {
          "start": {
            "line": 6,
            "column": 11
          },
          "end": {
            "line": 15,
            "column": 3
          }
        },
        "line": 6
      }
    },
    "branchMap": {},
    "s": {
      "0": 10
    },
    "f": {
      "0": 10
    },
    "b": {},
    "_coverageSchema": "1a1c01bbd47fc00a2c39e90264f33305004495a9",
    "hash": "042843b5e19c805d65a019a637b70f0efafa02a8"
  },
  "/Users/dmillen/Course/CatchMe-Web/src/Pages/CreateRace.js": {
    "path": "/Users/dmillen/Course/CatchMe-Web/src/Pages/CreateRace.js",
    "statementMap": {
      "0": {
        "start": {
          "line": 8,
          "column": 4
        },
        "end": {
          "line": 16,
          "column": 5
        }
      }
    },
    "fnMap": {
      "0": {
        "name": "(anonymous_0)",
        "decl": {
          "start": {
            "line": 7,
            "column": 2
          },
          "end": {
            "line": 7,
            "column": 3
          }
        },
        "loc": {
          "start": {
            "line": 7,
            "column": 11
          },
          "end": {
            "line": 17,
            "column": 3
          }
        },
        "line": 7
      }
    },
    "branchMap": {},
    "s": {
      "0": 10
    },
    "f": {
      "0": 10
    },
    "b": {},
    "_coverageSchema": "1a1c01bbd47fc00a2c39e90264f33305004495a9",
    "hash": "e7c918fb8c0c21fa6bbc2b5f2eb8ac8640d18251"
  },
  "/Users/dmillen/Course/CatchMe-Web/src/graphql/queries/race.js": {
    "path": "/Users/dmillen/Course/CatchMe-Web/src/graphql/queries/race.js",
    "statementMap": {
      "0": {
        "start": {
          "line": 3,
          "column": 26
        },
        "end": {
          "line": 28,
          "column": 1
        }
      }
    },
    "fnMap": {},
    "branchMap": {},
    "s": {
      "0": 34
    },
    "f": {},
    "b": {},
    "_coverageSchema": "1a1c01bbd47fc00a2c39e90264f33305004495a9",
    "hash": "f133b66d2522836b02996c6fd82a497f76765750"
  },
  "/Users/dmillen/Course/CatchMe-Web/src/components/FindRaceForm.js": {
    "path": "/Users/dmillen/Course/CatchMe-Web/src/components/FindRaceForm.js",
    "statementMap": {
      "0": {
        "start": {
          "line": 8,
          "column": 30
        },
        "end": {
          "line": 8,
          "column": 48
        }
      },
      "1": {
        "start": {
          "line": 9,
          "column": 34
        },
        "end": {
          "line": 9,
          "column": 52
        }
      },
      "2": {
        "start": {
          "line": 10,
          "column": 44
        },
        "end": {
          "line": 10,
          "column": 62
        }
      },
      "3": {
        "start": {
          "line": 11,
          "column": 51
        },
        "end": {
          "line": 11,
          "column": 75
        }
      },
      "4": {
        "start": {
          "line": 12,
          "column": 18
        },
        "end": {
          "line": 12,
          "column": 30
        }
      },
      "5": {
        "start": {
          "line": 13,
          "column": 34
        },
        "end": {
          "line": 15,
          "column": 4
        }
      },
      "6": {
        "start": {
          "line": 18,
          "column": 4
        },
        "end": {
          "line": 18,
          "column": 27
        }
      },
      "7": {
        "start": {
          "line": 19,
          "column": 4
        },
        "end": {
          "line": 34,
          "column": 5
        }
      },
      "8": {
        "start": {
          "line": 20,
          "column": 6
        },
        "end": {
          "line": 20,
          "column": 62
        }
      },
      "9": {
        "start": {
          "line": 22,
          "column": 6
        },
        "end": {
          "line": 33,
          "column": 9
        }
      },
      "10": {
        "start": {
          "line": 24,
          "column": 25
        },
        "end": {
          "line": 24,
          "column": 58
        }
      },
      "11": {
        "start": {
          "line": 25,
          "column": 10
        },
        "end": {
          "line": 30,
          "column": 13
        }
      },
      "12": {
        "start": {
          "line": 37,
          "column": 28
        },
        "end": {
          "line": 39,
          "column": 3
        }
      },
      "13": {
        "start": {
          "line": 38,
          "column": 4
        },
        "end": {
          "line": 38,
          "column": 34
        }
      },
      "14": {
        "start": {
          "line": 41,
          "column": 30
        },
        "end": {
          "line": 43,
          "column": 3
        }
      },
      "15": {
        "start": {
          "line": 42,
          "column": 4
        },
        "end": {
          "line": 42,
          "column": 36
        }
      },
      "16": {
        "start": {
          "line": 45,
          "column": 2
        },
        "end": {
          "line": 60,
          "column": 4
        }
      }
    },
    "fnMap": {
      "0": {
        "name": "FindRace",
        "decl": {
          "start": {
            "line": 7,
            "column": 24
          },
          "end": {
            "line": 7,
            "column": 32
          }
        },
        "loc": {
          "start": {
            "line": 7,
            "column": 35
          },
          "end": {
            "line": 61,
            "column": 1
          }
        },
        "line": 7
      },
      "1": {
        "name": "handleFindRace",
        "decl": {
          "start": {
            "line": 17,
            "column": 11
          },
          "end": {
            "line": 17,
            "column": 25
          }
        },
        "loc": {
          "start": {
            "line": 17,
            "column": 33
          },
          "end": {
            "line": 35,
            "column": 3
          }
        },
        "line": 17
      },
      "2": {
        "name": "(anonymous_2)",
        "decl": {
          "start": {
            "line": 23,
            "column": 16
          },
          "end": {
            "line": 23,
            "column": 17
          }
        },
        "loc": {
          "start": {
            "line": 23,
            "column": 43
          },
          "end": {
            "line": 31,
            "column": 9
          }
        },
        "line": 23
      },
      "3": {
        "name": "(anonymous_3)",
        "decl": {
          "start": {
            "line": 37,
            "column": 28
          },
          "end": {
            "line": 37,
            "column": 29
          }
        },
        "loc": {
          "start": {
            "line": 37,
            "column": 39
          },
          "end": {
            "line": 39,
            "column": 3
          }
        },
        "line": 37
      },
      "4": {
        "name": "(anonymous_4)",
        "decl": {
          "start": {
            "line": 41,
            "column": 30
          },
          "end": {
            "line": 41,
            "column": 31
          }
        },
        "loc": {
          "start": {
            "line": 41,
            "column": 41
          },
          "end": {
            "line": 43,
            "column": 3
          }
        },
        "line": 41
      }
    },
    "branchMap": {
      "0": {
        "loc": {
          "start": {
            "line": 13,
            "column": 16
          },
          "end": {
            "line": 13,
            "column": 29
          }
        },
        "type": "default-arg",
        "locations": [
          {
            "start": {
              "line": 13,
              "column": 27
            },
            "end": {
              "line": 13,
              "column": 29
            }
          }
        ],
        "line": 13
      },
      "1": {
        "loc": {
          "start": {
            "line": 19,
            "column": 4
          },
          "end": {
            "line": 34,
            "column": 5
          }
        },
        "type": "if",
        "locations": [
          {
            "start": {
              "line": 19,
              "column": 4
            },
            "end": {
              "line": 34,
              "column": 5
            }
          },
          {
            "start": {
              "line": 19,
              "column": 4
            },
            "end": {
              "line": 34,
              "column": 5
            }
          }
        ],
        "line": 19
      },
      "2": {
        "loc": {
          "start": {
            "line": 19,
            "column": 8
          },
          "end": {
            "line": 19,
            "column": 31
          }
        },
        "type": "binary-expr",
        "locations": [
          {
            "start": {
              "line": 19,
              "column": 8
            },
            "end": {
              "line": 19,
              "column": 13
            }
          },
          {
            "start": {
              "line": 19,
              "column": 17
            },
            "end": {
              "line": 19,
              "column": 31
            }
          }
        ],
        "line": 19
      }
    },
    "s": {
      "0": 11,
      "1": 11,
      "2": 11,
      "3": 11,
      "4": 11,
      "5": 11,
      "6": 0,
      "7": 0,
      "8": 0,
      "9": 0,
      "10": 0,
      "11": 0,
      "12": 11,
      "13": 0,
      "14": 11,
      "15": 0,
      "16": 11
    },
    "f": {
      "0": 11,
      "1": 0,
      "2": 0,
      "3": 0,
      "4": 0
    },
    "b": {
      "0": [
        11
      ],
      "1": [
        0,
        0
      ],
      "2": [
        0,
        0
      ]
    },
    "_coverageSchema": "1a1c01bbd47fc00a2c39e90264f33305004495a9",
    "hash": "d1a65de1ef7df65b693c1cb7410a3f77d99b19d4"
  },
  "/Users/dmillen/Course/CatchMe-Web/src/Pages/FindRace.js": {
    "path": "/Users/dmillen/Course/CatchMe-Web/src/Pages/FindRace.js",
    "statementMap": {
      "0": {
        "start": {
          "line": 8,
          "column": 4
        },
        "end": {
          "line": 17,
          "column": 5
        }
      }
    },
    "fnMap": {
      "0": {
        "name": "(anonymous_0)",
        "decl": {
          "start": {
            "line": 7,
            "column": 2
          },
          "end": {
            "line": 7,
            "column": 3
          }
        },
        "loc": {
          "start": {
            "line": 7,
            "column": 11
          },
          "end": {
            "line": 18,
            "column": 3
          }
        },
        "line": 7
      }
    },
    "branchMap": {},
    "s": {
      "0": 6
    },
    "f": {
      "0": 6
    },
    "b": {},
    "_coverageSchema": "1a1c01bbd47fc00a2c39e90264f33305004495a9",
    "hash": "c1abb185804aad2c1db85d2789e2f6fd83dd9335"
  },
  "/Users/dmillen/Course/CatchMe-Web/src/graphql/queries/scores.js": {
    "path": "/Users/dmillen/Course/CatchMe-Web/src/graphql/queries/scores.js",
    "statementMap": {
      "0": {
        "start": {
          "line": 3,
          "column": 28
        },
        "end": {
          "line": 17,
          "column": 1
        }
      }
    },
    "fnMap": {},
    "branchMap": {},
    "s": {
      "0": 34
    },
    "f": {},
    "b": {},
    "_coverageSchema": "1a1c01bbd47fc00a2c39e90264f33305004495a9",
    "hash": "e3cb3fef1eeac7f944c8d5cb4a40c480c5b5c820"
  },
  "/Users/dmillen/Course/CatchMe-Web/src/components/LeaderTable.js": {
    "path": "/Users/dmillen/Course/CatchMe-Web/src/components/LeaderTable.js",
    "statementMap": {
      "0": {
        "start": {
          "line": 13,
          "column": 17
        },
        "end": {
          "line": 16,
          "column": 3
        }
      },
      "1": {
        "start": {
          "line": 19,
          "column": 36
        },
        "end": {
          "line": 19,
          "column": 58
        }
      },
      "2": {
        "start": {
          "line": 22,
          "column": 23
        },
        "end": {
          "line": 22,
          "column": 55
        }
      },
      "3": {
        "start": {
          "line": 23,
          "column": 16
        },
        "end": {
          "line": 23,
          "column": 50
        }
      },
      "4": {
        "start": {
          "line": 24,
          "column": 16
        },
        "end": {
          "line": 24,
          "column": 57
        }
      },
      "5": {
        "start": {
          "line": 26,
          "column": 14
        },
        "end": {
          "line": 26,
          "column": 54
        }
      },
      "6": {
        "start": {
          "line": 27,
          "column": 4
        },
        "end": {
          "line": 27,
          "column": 55
        }
      },
      "7": {
        "start": {
          "line": 29,
          "column": 4
        },
        "end": {
          "line": 29,
          "column": 56
        }
      },
      "8": {
        "start": {
          "line": 32,
          "column": 20
        },
        "end": {
          "line": 49,
          "column": 3
        }
      },
      "9": {
        "start": {
          "line": 33,
          "column": 4
        },
        "end": {
          "line": 48,
          "column": 5
        }
      },
      "10": {
        "start": {
          "line": 34,
          "column": 6
        },
        "end": {
          "line": 34,
          "column": 26
        }
      },
      "11": {
        "start": {
          "line": 35,
          "column": 27
        },
        "end": {
          "line": 35,
          "column": 76
        }
      },
      "12": {
        "start": {
          "line": 35,
          "column": 48
        },
        "end": {
          "line": 35,
          "column": 74
        }
      },
      "13": {
        "start": {
          "line": 36,
          "column": 6
        },
        "end": {
          "line": 36,
          "column": 42
        }
      },
      "14": {
        "start": {
          "line": 37,
          "column": 6
        },
        "end": {
          "line": 37,
          "column": 40
        }
      },
      "15": {
        "start": {
          "line": 38,
          "column": 6
        },
        "end": {
          "line": 38,
          "column": 36
        }
      },
      "16": {
        "start": {
          "line": 39,
          "column": 6
        },
        "end": {
          "line": 47,
          "column": 7
        }
      },
      "17": {
        "start": {
          "line": 41,
          "column": 10
        },
        "end": {
          "line": 45,
          "column": 15
        }
      },
      "18": {
        "start": {
          "line": 52,
          "column": 2
        },
        "end": {
          "line": 65,
          "column": 4
        }
      }
    },
    "fnMap": {
      "0": {
        "name": "LeaderTable",
        "decl": {
          "start": {
            "line": 12,
            "column": 24
          },
          "end": {
            "line": 12,
            "column": 35
          }
        },
        "loc": {
          "start": {
            "line": 12,
            "column": 38
          },
          "end": {
            "line": 66,
            "column": 1
          }
        },
        "line": 12
      },
      "1": {
        "name": "msToTime",
        "decl": {
          "start": {
            "line": 21,
            "column": 11
          },
          "end": {
            "line": 21,
            "column": 19
          }
        },
        "loc": {
          "start": {
            "line": 21,
            "column": 30
          },
          "end": {
            "line": 30,
            "column": 3
          }
        },
        "line": 21
      },
      "2": {
        "name": "(anonymous_2)",
        "decl": {
          "start": {
            "line": 32,
            "column": 20
          },
          "end": {
            "line": 32,
            "column": 21
          }
        },
        "loc": {
          "start": {
            "line": 32,
            "column": 26
          },
          "end": {
            "line": 49,
            "column": 3
          }
        },
        "line": 32
      },
      "3": {
        "name": "(anonymous_3)",
        "decl": {
          "start": {
            "line": 35,
            "column": 39
          },
          "end": {
            "line": 35,
            "column": 40
          }
        },
        "loc": {
          "start": {
            "line": 35,
            "column": 48
          },
          "end": {
            "line": 35,
            "column": 74
          }
        },
        "line": 35
      },
      "4": {
        "name": "(anonymous_4)",
        "decl": {
          "start": {
            "line": 40,
            "column": 18
          },
          "end": {
            "line": 40,
            "column": 19
          }
        },
        "loc": {
          "start": {
            "line": 41,
            "column": 10
          },
          "end": {
            "line": 45,
            "column": 15
          }
        },
        "line": 41
      }
    },
    "branchMap": {
      "0": {
        "loc": {
          "start": {
            "line": 19,
            "column": 16
          },
          "end": {
            "line": 19,
            "column": 31
          }
        },
        "type": "default-arg",
        "locations": [
          {
            "start": {
              "line": 19,
              "column": 29
            },
            "end": {
              "line": 19,
              "column": 31
            }
          }
        ],
        "line": 19
      },
      "1": {
        "loc": {
          "start": {
            "line": 26,
            "column": 14
          },
          "end": {
            "line": 26,
            "column": 54
          }
        },
        "type": "cond-expr",
        "locations": [
          {
            "start": {
              "line": 26,
              "column": 31
            },
            "end": {
              "line": 26,
              "column": 44
            }
          },
          {
            "start": {
              "line": 26,
              "column": 47
            },
            "end": {
              "line": 26,
              "column": 54
            }
          }
        ],
        "line": 26
      },
      "2": {
        "loc": {
          "start": {
            "line": 27,
            "column": 14
          },
          "end": {
            "line": 27,
            "column": 54
          }
        },
        "type": "cond-expr",
        "locations": [
          {
            "start": {
              "line": 27,
              "column": 31
            },
            "end": {
              "line": 27,
              "column": 44
            }
          },
          {
            "start": {
              "line": 27,
              "column": 47
            },
            "end": {
              "line": 27,
              "column": 54
            }
          }
        ],
        "line": 27
      },
      "3": {
        "loc": {
          "start": {
            "line": 33,
            "column": 4
          },
          "end": {
            "line": 48,
            "column": 5
          }
        },
        "type": "if",
        "locations": [
          {
            "start": {
              "line": 33,
              "column": 4
            },
            "end": {
              "line": 48,
              "column": 5
            }
          },
          {
            "start": {
              "line": 33,
              "column": 4
            },
            "end": {
              "line": 48,
              "column": 5
            }
          }
        ],
        "line": 33
      },
      "4": {
        "loc": {
          "start": {
            "line": 35,
            "column": 48
          },
          "end": {
            "line": 35,
            "column": 74
          }
        },
        "type": "cond-expr",
        "locations": [
          {
            "start": {
              "line": 35,
              "column": 68
            },
            "end": {
              "line": 35,
              "column": 70
            }
          },
          {
            "start": {
              "line": 35,
              "column": 73
            },
            "end": {
              "line": 35,
              "column": 74
            }
          }
        ],
        "line": 35
      }
    },
    "s": {
      "0": 12,
      "1": 12,
      "2": 0,
      "3": 0,
      "4": 0,
      "5": 0,
      "6": 0,
      "7": 0,
      "8": 12,
      "9": 12,
      "10": 0,
      "11": 0,
      "12": 0,
      "13": 0,
      "14": 0,
      "15": 0,
      "16": 0,
      "17": 0,
      "18": 12
    },
    "f": {
      "0": 12,
      "1": 0,
      "2": 12,
      "3": 0,
      "4": 0
    },
    "b": {
      "0": [
        12
      ],
      "1": [
        0,
        0
      ],
      "2": [
        0,
        0
      ],
      "3": [
        0,
        12
      ],
      "4": [
        0,
        0
      ]
    },
    "_coverageSchema": "1a1c01bbd47fc00a2c39e90264f33305004495a9",
    "hash": "589674ebdfb39573d0d3ba456399c3e45b186656"
  },
  "/Users/dmillen/Course/CatchMe-Web/src/Pages/Leaderboard.js": {
    "path": "/Users/dmillen/Course/CatchMe-Web/src/Pages/Leaderboard.js",
    "statementMap": {
      "0": {
        "start": {
          "line": 8,
          "column": 4
        },
        "end": {
          "line": 17,
          "column": 6
        }
      }
    },
    "fnMap": {
      "0": {
        "name": "(anonymous_0)",
        "decl": {
          "start": {
            "line": 7,
            "column": 2
          },
          "end": {
            "line": 7,
            "column": 3
          }
        },
        "loc": {
          "start": {
            "line": 7,
            "column": 11
          },
          "end": {
            "line": 18,
            "column": 3
          }
        },
        "line": 7
      }
    },
    "branchMap": {},
    "s": {
      "0": 11
    },
    "f": {
      "0": 11
    },
    "b": {},
    "_coverageSchema": "1a1c01bbd47fc00a2c39e90264f33305004495a9",
    "hash": "cc8ed3bcc1a5b1432e36a388283a2bf34cdcd4b2"
  },
  "/Users/dmillen/Course/CatchMe-Web/src/graphql/mutations/createLocation.js": {
    "path": "/Users/dmillen/Course/CatchMe-Web/src/graphql/mutations/createLocation.js",
    "statementMap": {
      "0": {
        "start": {
          "line": 3,
          "column": 31
        },
        "end": {
          "line": 28,
          "column": 1
        }
      }
    },
    "fnMap": {},
    "branchMap": {},
    "s": {
      "0": 34
    },
    "f": {},
    "b": {},
    "_coverageSchema": "1a1c01bbd47fc00a2c39e90264f33305004495a9",
    "hash": "6f54b53f1dc32d196118d8ade7e81d408e4db153"
  },
  "/Users/dmillen/Course/CatchMe-Web/src/graphql/mutations/updateRaceStartTime.js": {
    "path": "/Users/dmillen/Course/CatchMe-Web/src/graphql/mutations/updateRaceStartTime.js",
    "statementMap": {
      "0": {
        "start": {
          "line": 3,
          "column": 38
        },
        "end": {
          "line": 10,
          "column": 1
        }
      }
    },
    "fnMap": {},
    "branchMap": {},
    "s": {
      "0": 34
    },
    "f": {},
    "b": {},
    "_coverageSchema": "1a1c01bbd47fc00a2c39e90264f33305004495a9",
    "hash": "21efc6d341afd83645727d2dbd5cb17bdab43118"
  },
  "/Users/dmillen/Course/CatchMe-Web/src/Pages/Lobby.js": {
    "path": "/Users/dmillen/Course/CatchMe-Web/src/Pages/Lobby.js",
    "statementMap": {
      "0": {
        "start": {
          "line": 15,
          "column": 48
        },
        "end": {
          "line": 15,
          "column": 69
        }
      },
      "1": {
        "start": {
          "line": 16,
          "column": 19
        },
        "end": {
          "line": 16,
          "column": 32
        }
      },
      "2": {
        "start": {
          "line": 17,
          "column": 18
        },
        "end": {
          "line": 17,
          "column": 30
        }
      },
      "3": {
        "start": {
          "line": 19,
          "column": 34
        },
        "end": {
          "line": 28,
          "column": 4
        }
      },
      "4": {
        "start": {
          "line": 25,
          "column": 6
        },
        "end": {
          "line": 25,
          "column": 25
        }
      },
      "5": {
        "start": {
          "line": 26,
          "column": 6
        },
        "end": {
          "line": 26,
          "column": 27
        }
      },
      "6": {
        "start": {
          "line": 29,
          "column": 27
        },
        "end": {
          "line": 29,
          "column": 55
        }
      },
      "7": {
        "start": {
          "line": 30,
          "column": 32
        },
        "end": {
          "line": 30,
          "column": 67
        }
      },
      "8": {
        "start": {
          "line": 31,
          "column": 21
        },
        "end": {
          "line": 44,
          "column": 3
        }
      },
      "9": {
        "start": {
          "line": 33,
          "column": 23
        },
        "end": {
          "line": 33,
          "column": 24
        }
      },
      "10": {
        "start": {
          "line": 34,
          "column": 4
        },
        "end": {
          "line": 38,
          "column": 5
        }
      },
      "11": {
        "start": {
          "line": 35,
          "column": 6
        },
        "end": {
          "line": 37,
          "column": 7
        }
      },
      "12": {
        "start": {
          "line": 36,
          "column": 8
        },
        "end": {
          "line": 36,
          "column": 23
        }
      },
      "13": {
        "start": {
          "line": 39,
          "column": 4
        },
        "end": {
          "line": 43,
          "column": 5
        }
      },
      "14": {
        "start": {
          "line": 40,
          "column": 6
        },
        "end": {
          "line": 40,
          "column": 31
        }
      },
      "15": {
        "start": {
          "line": 42,
          "column": 6
        },
        "end": {
          "line": 42,
          "column": 32
        }
      },
      "16": {
        "start": {
          "line": 45,
          "column": 23
        },
        "end": {
          "line": 70,
          "column": 3
        }
      },
      "17": {
        "start": {
          "line": 46,
          "column": 4
        },
        "end": {
          "line": 69,
          "column": 5
        }
      },
      "18": {
        "start": {
          "line": 48,
          "column": 6
        },
        "end": {
          "line": 68,
          "column": 7
        }
      },
      "19": {
        "start": {
          "line": 49,
          "column": 8
        },
        "end": {
          "line": 67,
          "column": 9
        }
      },
      "20": {
        "start": {
          "line": 50,
          "column": 10
        },
        "end": {
          "line": 56,
          "column": 12
        }
      },
      "21": {
        "start": {
          "line": 57,
          "column": 10
        },
        "end": {
          "line": 66,
          "column": 13
        }
      },
      "22": {
        "start": {
          "line": 71,
          "column": 23
        },
        "end": {
          "line": 78,
          "column": 3
        }
      },
      "23": {
        "start": {
          "line": 72,
          "column": 4
        },
        "end": {
          "line": 77,
          "column": 7
        }
      },
      "24": {
        "start": {
          "line": 79,
          "column": 22
        },
        "end": {
          "line": 95,
          "column": 3
        }
      },
      "25": {
        "start": {
          "line": 79,
          "column": 33
        },
        "end": {
          "line": 95,
          "column": 3
        }
      },
      "26": {
        "start": {
          "line": 80,
          "column": 4
        },
        "end": {
          "line": 80,
          "column": 59
        }
      },
      "27": {
        "start": {
          "line": 81,
          "column": 4
        },
        "end": {
          "line": 93,
          "column": 7
        }
      },
      "28": {
        "start": {
          "line": 94,
          "column": 4
        },
        "end": {
          "line": 94,
          "column": 48
        }
      },
      "29": {
        "start": {
          "line": 111,
          "column": 2
        },
        "end": {
          "line": 138,
          "column": 4
        }
      },
      "30": {
        "start": {
          "line": 123,
          "column": 14
        },
        "end": {
          "line": 128,
          "column": 19
        }
      }
    },
    "fnMap": {
      "0": {
        "name": "Lobby",
        "decl": {
          "start": {
            "line": 13,
            "column": 24
          },
          "end": {
            "line": 13,
            "column": 29
          }
        },
        "loc": {
          "start": {
            "line": 13,
            "column": 32
          },
          "end": {
            "line": 139,
            "column": 1
          }
        },
        "line": 13
      },
      "1": {
        "name": "(anonymous_1)",
        "decl": {
          "start": {
            "line": 24,
            "column": 17
          },
          "end": {
            "line": 24,
            "column": 18
          }
        },
        "loc": {
          "start": {
            "line": 24,
            "column": 29
          },
          "end": {
            "line": 27,
            "column": 5
          }
        },
        "line": 24
      },
      "2": {
        "name": "(anonymous_2)",
        "decl": {
          "start": {
            "line": 31,
            "column": 21
          },
          "end": {
            "line": 31,
            "column": 22
          }
        },
        "loc": {
          "start": {
            "line": 31,
            "column": 27
          },
          "end": {
            "line": 44,
            "column": 3
          }
        },
        "line": 31
      },
      "3": {
        "name": "(anonymous_3)",
        "decl": {
          "start": {
            "line": 45,
            "column": 23
          },
          "end": {
            "line": 45,
            "column": 24
          }
        },
        "loc": {
          "start": {
            "line": 45,
            "column": 29
          },
          "end": {
            "line": 70,
            "column": 3
          }
        },
        "line": 45
      },
      "4": {
        "name": "(anonymous_4)",
        "decl": {
          "start": {
            "line": 71,
            "column": 23
          },
          "end": {
            "line": 71,
            "column": 24
          }
        },
        "loc": {
          "start": {
            "line": 71,
            "column": 29
          },
          "end": {
            "line": 78,
            "column": 3
          }
        },
        "line": 71
      },
      "5": {
        "name": "(anonymous_5)",
        "decl": {
          "start": {
            "line": 79,
            "column": 22
          },
          "end": {
            "line": 79,
            "column": 23
          }
        },
        "loc": {
          "start": {
            "line": 79,
            "column": 33
          },
          "end": {
            "line": 95,
            "column": 3
          }
        },
        "line": 79
      },
      "6": {
        "name": "(anonymous_6)",
        "decl": {
          "start": {
            "line": 79,
            "column": 33
          },
          "end": {
            "line": 79,
            "column": 34
          }
        },
        "loc": {
          "start": {
            "line": 79,
            "column": 40
          },
          "end": {
            "line": 95,
            "column": 3
          }
        },
        "line": 79
      },
      "7": {
        "name": "(anonymous_7)",
        "decl": {
          "start": {
            "line": 80,
            "column": 45
          },
          "end": {
            "line": 80,
            "column": 46
          }
        },
        "loc": {
          "start": {
            "line": 80,
            "column": 55
          },
          "end": {
            "line": 80,
            "column": 57
          }
        },
        "line": 80
      },
      "8": {
        "name": "(anonymous_8)",
        "decl": {
          "start": {
            "line": 122,
            "column": 27
          },
          "end": {
            "line": 122,
            "column": 28
          }
        },
        "loc": {
          "start": {
            "line": 123,
            "column": 14
          },
          "end": {
            "line": 128,
            "column": 19
          }
        },
        "line": 123
      }
    },
    "branchMap": {
      "0": {
        "loc": {
          "start": {
            "line": 19,
            "column": 16
          },
          "end": {
            "line": 19,
            "column": 29
          }
        },
        "type": "default-arg",
        "locations": [
          {
            "start": {
              "line": 19,
              "column": 27
            },
            "end": {
              "line": 19,
              "column": 29
            }
          }
        ],
        "line": 19
      },
      "1": {
        "loc": {
          "start": {
            "line": 35,
            "column": 6
          },
          "end": {
            "line": 37,
            "column": 7
          }
        },
        "type": "if",
        "locations": [
          {
            "start": {
              "line": 35,
              "column": 6
            },
            "end": {
              "line": 37,
              "column": 7
            }
          },
          {
            "start": {
              "line": 35,
              "column": 6
            },
            "end": {
              "line": 37,
              "column": 7
            }
          }
        ],
        "line": 35
      },
      "2": {
        "loc": {
          "start": {
            "line": 39,
            "column": 4
          },
          "end": {
            "line": 43,
            "column": 5
          }
        },
        "type": "if",
        "locations": [
          {
            "start": {
              "line": 39,
              "column": 4
            },
            "end": {
              "line": 43,
              "column": 5
            }
          },
          {
            "start": {
              "line": 39,
              "column": 4
            },
            "end": {
              "line": 43,
              "column": 5
            }
          }
        ],
        "line": 39
      },
      "3": {
        "loc": {
          "start": {
            "line": 46,
            "column": 4
          },
          "end": {
            "line": 69,
            "column": 5
          }
        },
        "type": "if",
        "locations": [
          {
            "start": {
              "line": 46,
              "column": 4
            },
            "end": {
              "line": 69,
              "column": 5
            }
          },
          {
            "start": {
              "line": 46,
              "column": 4
            },
            "end": {
              "line": 69,
              "column": 5
            }
          }
        ],
        "line": 46
      },
      "4": {
        "loc": {
          "start": {
            "line": 49,
            "column": 8
          },
          "end": {
            "line": 67,
            "column": 9
          }
        },
        "type": "if",
        "locations": [
          {
            "start": {
              "line": 49,
              "column": 8
            },
            "end": {
              "line": 67,
              "column": 9
            }
          },
          {
            "start": {
              "line": 49,
              "column": 8
            },
            "end": {
              "line": 67,
              "column": 9
            }
          }
        ],
        "line": 49
      },
      "5": {
        "loc": {
          "start": {
            "line": 116,
            "column": 18
          },
          "end": {
            "line": 116,
            "column": 33
          }
        },
        "type": "binary-expr",
        "locations": [
          {
            "start": {
              "line": 116,
              "column": 18
            },
            "end": {
              "line": 116,
              "column": 22
            }
          },
          {
            "start": {
              "line": 116,
              "column": 26
            },
            "end": {
              "line": 116,
              "column": 33
            }
          }
        ],
        "line": 116
      },
      "6": {
        "loc": {
          "start": {
            "line": 117,
            "column": 22
          },
          "end": {
            "line": 117,
            "column": 43
          }
        },
        "type": "binary-expr",
        "locations": [
          {
            "start": {
              "line": 117,
              "column": 22
            },
            "end": {
              "line": 117,
              "column": 26
            }
          },
          {
            "start": {
              "line": 117,
              "column": 30
            },
            "end": {
              "line": 117,
              "column": 43
            }
          }
        ],
        "line": 117
      },
      "7": {
        "loc": {
          "start": {
            "line": 120,
            "column": 11
          },
          "end": {
            "line": 129,
            "column": 14
          }
        },
        "type": "binary-expr",
        "locations": [
          {
            "start": {
              "line": 120,
              "column": 11
            },
            "end": {
              "line": 120,
              "column": 15
            }
          },
          {
            "start": {
              "line": 121,
              "column": 12
            },
            "end": {
              "line": 121,
              "column": 22
            }
          },
          {
            "start": {
              "line": 122,
              "column": 12
            },
            "end": {
              "line": 129,
              "column": 14
            }
          }
        ],
        "line": 120
      },
      "8": {
        "loc": {
          "start": {
            "line": 125,
            "column": 17
          },
          "end": {
            "line": 127,
            "column": 24
          }
        },
        "type": "cond-expr",
        "locations": [
          {
            "start": {
              "line": 126,
              "column": 18
            },
            "end": {
              "line": 126,
              "column": 72
            }
          },
          {
            "start": {
              "line": 127,
              "column": 20
            },
            "end": {
              "line": 127,
              "column": 24
            }
          }
        ],
        "line": 125
      },
      "9": {
        "loc": {
          "start": {
            "line": 131,
            "column": 9
          },
          "end": {
            "line": 134,
            "column": 9
          }
        },
        "type": "binary-expr",
        "locations": [
          {
            "start": {
              "line": 131,
              "column": 9
            },
            "end": {
              "line": 131,
              "column": 24
            }
          },
          {
            "start": {
              "line": 131,
              "column": 28
            },
            "end": {
              "line": 131,
              "column": 43
            }
          },
          {
            "start": {
              "line": 132,
              "column": 10
            },
            "end": {
              "line": 133,
              "column": 85
            }
          }
        ],
        "line": 131
      }
    },
    "s": {
      "0": 0,
      "1": 0,
      "2": 0,
      "3": 0,
      "4": 0,
      "5": 0,
      "6": 0,
      "7": 0,
      "8": 0,
      "9": 0,
      "10": 0,
      "11": 0,
      "12": 0,
      "13": 0,
      "14": 0,
      "15": 0,
      "16": 0,
      "17": 0,
      "18": 0,
      "19": 0,
      "20": 0,
      "21": 0,
      "22": 0,
      "23": 0,
      "24": 0,
      "25": 0,
      "26": 0,
      "27": 0,
      "28": 0,
      "29": 0,
      "30": 0
    },
    "f": {
      "0": 0,
      "1": 0,
      "2": 0,
      "3": 0,
      "4": 0,
      "5": 0,
      "6": 0,
      "7": 0,
      "8": 0
    },
    "b": {
      "0": [
        0
      ],
      "1": [
        0,
        0
      ],
      "2": [
        0,
        0
      ],
      "3": [
        0,
        0
      ],
      "4": [
        0,
        0
      ],
      "5": [
        0,
        0
      ],
      "6": [
        0,
        0
      ],
      "7": [
        0,
        0,
        0
      ],
      "8": [
        0,
        0
      ],
      "9": [
        0,
        0,
        0
      ]
    },
    "_coverageSchema": "1a1c01bbd47fc00a2c39e90264f33305004495a9",
    "hash": "beb3633520a0ae82febfad65a37a615e675de665"
  },
  "/Users/dmillen/Course/CatchMe-Web/src/graphql/mutations/updateLocation.js": {
    "path": "/Users/dmillen/Course/CatchMe-Web/src/graphql/mutations/updateLocation.js",
    "statementMap": {
      "0": {
        "start": {
          "line": 3,
          "column": 31
        },
        "end": {
          "line": 28,
          "column": 1
        }
      }
    },
    "fnMap": {},
    "branchMap": {},
    "s": {
      "0": 34
    },
    "f": {},
    "b": {},
    "_coverageSchema": "1a1c01bbd47fc00a2c39e90264f33305004495a9",
    "hash": "a0921971633d63631bfc08d9b0d59eb643bf2793"
  },
  "/Users/dmillen/Course/CatchMe-Web/src/graphql/queries/location.js": {
    "path": "/Users/dmillen/Course/CatchMe-Web/src/graphql/queries/location.js",
    "statementMap": {
      "0": {
        "start": {
          "line": 3,
          "column": 30
        },
        "end": {
          "line": 14,
          "column": 1
        }
      }
    },
    "fnMap": {},
    "branchMap": {},
    "s": {
      "0": 34
    },
    "f": {},
    "b": {},
    "_coverageSchema": "1a1c01bbd47fc00a2c39e90264f33305004495a9",
    "hash": "733b373e9646924c27b8d977138556370a0ab005"
  },
  "/Users/dmillen/Course/CatchMe-Web/src/graphql/mutations/createScore.js": {
    "path": "/Users/dmillen/Course/CatchMe-Web/src/graphql/mutations/createScore.js",
    "statementMap": {
      "0": {
        "start": {
          "line": 3,
          "column": 28
        },
        "end": {
          "line": 10,
          "column": 1
        }
      }
    },
    "fnMap": {},
    "branchMap": {},
    "s": {
      "0": 34
    },
    "f": {},
    "b": {},
    "_coverageSchema": "1a1c01bbd47fc00a2c39e90264f33305004495a9",
    "hash": "ce11952a3d9d7af9dbae6268a5ae1dd3a2f54fff"
  },
  "/Users/dmillen/Course/CatchMe-Web/src/components/DistanceCalculator2.js": {
    "path": "/Users/dmillen/Course/CatchMe-Web/src/components/DistanceCalculator2.js",
    "statementMap": {
      "0": {
        "start": {
          "line": 11,
          "column": 15
        },
        "end": {
          "line": 13,
          "column": 2
        }
      },
      "1": {
        "start": {
          "line": 16,
          "column": 2
        },
        "end": {
          "line": 16,
          "column": 38
        }
      },
      "2": {
        "start": {
          "line": 17,
          "column": 2
        },
        "end": {
          "line": 34,
          "column": 3
        }
      },
      "3": {
        "start": {
          "line": 18,
          "column": 4
        },
        "end": {
          "line": 18,
          "column": 13
        }
      },
      "4": {
        "start": {
          "line": 20,
          "column": 18
        },
        "end": {
          "line": 20,
          "column": 40
        }
      },
      "5": {
        "start": {
          "line": 21,
          "column": 18
        },
        "end": {
          "line": 21,
          "column": 40
        }
      },
      "6": {
        "start": {
          "line": 22,
          "column": 16
        },
        "end": {
          "line": 22,
          "column": 27
        }
      },
      "7": {
        "start": {
          "line": 23,
          "column": 19
        },
        "end": {
          "line": 23,
          "column": 42
        }
      },
      "8": {
        "start": {
          "line": 25,
          "column": 6
        },
        "end": {
          "line": 26,
          "column": 64
        }
      },
      "9": {
        "start": {
          "line": 27,
          "column": 4
        },
        "end": {
          "line": 29,
          "column": 5
        }
      },
      "10": {
        "start": {
          "line": 28,
          "column": 6
        },
        "end": {
          "line": 28,
          "column": 15
        }
      },
      "11": {
        "start": {
          "line": 30,
          "column": 4
        },
        "end": {
          "line": 30,
          "column": 27
        }
      },
      "12": {
        "start": {
          "line": 31,
          "column": 4
        },
        "end": {
          "line": 31,
          "column": 34
        }
      },
      "13": {
        "start": {
          "line": 32,
          "column": 4
        },
        "end": {
          "line": 32,
          "column": 41
        }
      },
      "14": {
        "start": {
          "line": 33,
          "column": 4
        },
        "end": {
          "line": 33,
          "column": 16
        }
      },
      "15": {
        "start": {
          "line": 38,
          "column": 19
        },
        "end": {
          "line": 38,
          "column": 32
        }
      },
      "16": {
        "start": {
          "line": 39,
          "column": 27
        },
        "end": {
          "line": 39,
          "column": 55
        }
      },
      "17": {
        "start": {
          "line": 40,
          "column": 24
        },
        "end": {
          "line": 40,
          "column": 49
        }
      },
      "18": {
        "start": {
          "line": 41,
          "column": 16
        },
        "end": {
          "line": 41,
          "column": 32
        }
      },
      "19": {
        "start": {
          "line": 42,
          "column": 28
        },
        "end": {
          "line": 42,
          "column": 42
        }
      },
      "20": {
        "start": {
          "line": 43,
          "column": 34
        },
        "end": {
          "line": 43,
          "column": 45
        }
      },
      "21": {
        "start": {
          "line": 46,
          "column": 36
        },
        "end": {
          "line": 49,
          "column": 4
        }
      },
      "22": {
        "start": {
          "line": 52,
          "column": 32
        },
        "end": {
          "line": 55,
          "column": 4
        }
      },
      "23": {
        "start": {
          "line": 57,
          "column": 2
        },
        "end": {
          "line": 82,
          "column": 9
        }
      },
      "24": {
        "start": {
          "line": 58,
          "column": 25
        },
        "end": {
          "line": 58,
          "column": 29
        }
      },
      "25": {
        "start": {
          "line": 59,
          "column": 25
        },
        "end": {
          "line": 78,
          "column": 12
        }
      },
      "26": {
        "start": {
          "line": 60,
          "column": 6
        },
        "end": {
          "line": 77,
          "column": 8
        }
      },
      "27": {
        "start": {
          "line": 62,
          "column": 20
        },
        "end": {
          "line": 62,
          "column": 63
        }
      },
      "28": {
        "start": {
          "line": 63,
          "column": 21
        },
        "end": {
          "line": 63,
          "column": 65
        }
      },
      "29": {
        "start": {
          "line": 64,
          "column": 10
        },
        "end": {
          "line": 71,
          "column": 11
        }
      },
      "30": {
        "start": {
          "line": 65,
          "column": 12
        },
        "end": {
          "line": 65,
          "column": 40
        }
      },
      "31": {
        "start": {
          "line": 66,
          "column": 12
        },
        "end": {
          "line": 66,
          "column": 38
        }
      },
      "32": {
        "start": {
          "line": 67,
          "column": 12
        },
        "end": {
          "line": 67,
          "column": 28
        }
      },
      "33": {
        "start": {
          "line": 68,
          "column": 12
        },
        "end": {
          "line": 68,
          "column": 35
        }
      },
      "34": {
        "start": {
          "line": 70,
          "column": 12
        },
        "end": {
          "line": 70,
          "column": 38
        }
      },
      "35": {
        "start": {
          "line": 73,
          "column": 19
        },
        "end": {
          "line": 73,
          "column": 37
        }
      },
      "36": {
        "start": {
          "line": 79,
          "column": 4
        },
        "end": {
          "line": 81,
          "column": 6
        }
      },
      "37": {
        "start": {
          "line": 80,
          "column": 6
        },
        "end": {
          "line": 80,
          "column": 34
        }
      },
      "38": {
        "start": {
          "line": 84,
          "column": 2
        },
        "end": {
          "line": 99,
          "column": 23
        }
      },
      "39": {
        "start": {
          "line": 85,
          "column": 4
        },
        "end": {
          "line": 98,
          "column": 5
        }
      },
      "40": {
        "start": {
          "line": 86,
          "column": 6
        },
        "end": {
          "line": 95,
          "column": 8
        }
      },
      "41": {
        "start": {
          "line": 96,
          "column": 6
        },
        "end": {
          "line": 96,
          "column": 59
        }
      },
      "42": {
        "start": {
          "line": 97,
          "column": 6
        },
        "end": {
          "line": 97,
          "column": 35
        }
      },
      "43": {
        "start": {
          "line": 101,
          "column": 2
        },
        "end": {
          "line": 143,
          "column": 24
        }
      },
      "44": {
        "start": {
          "line": 102,
          "column": 4
        },
        "end": {
          "line": 102,
          "column": 40
        }
      },
      "45": {
        "start": {
          "line": 103,
          "column": 4
        },
        "end": {
          "line": 103,
          "column": 33
        }
      },
      "46": {
        "start": {
          "line": 104,
          "column": 4
        },
        "end": {
          "line": 142,
          "column": 5
        }
      },
      "47": {
        "start": {
          "line": 105,
          "column": 6
        },
        "end": {
          "line": 105,
          "column": 28
        }
      },
      "48": {
        "start": {
          "line": 106,
          "column": 6
        },
        "end": {
          "line": 106,
          "column": 29
        }
      },
      "49": {
        "start": {
          "line": 107,
          "column": 6
        },
        "end": {
          "line": 107,
          "column": 27
        }
      },
      "50": {
        "start": {
          "line": 108,
          "column": 6
        },
        "end": {
          "line": 117,
          "column": 9
        }
      },
      "51": {
        "start": {
          "line": 118,
          "column": 38
        },
        "end": {
          "line": 121,
          "column": 8
        }
      },
      "52": {
        "start": {
          "line": 123,
          "column": 19
        },
        "end": {
          "line": 125,
          "column": 8
        }
      },
      "53": {
        "start": {
          "line": 124,
          "column": 8
        },
        "end": {
          "line": 124,
          "column": 39
        }
      },
      "54": {
        "start": {
          "line": 126,
          "column": 6
        },
        "end": {
          "line": 131,
          "column": 8
        }
      },
      "55": {
        "start": {
          "line": 132,
          "column": 6
        },
        "end": {
          "line": 132,
          "column": 51
        }
      },
      "56": {
        "start": {
          "line": 133,
          "column": 6
        },
        "end": {
          "line": 141,
          "column": 7
        }
      },
      "57": {
        "start": {
          "line": 134,
          "column": 8
        },
        "end": {
          "line": 134,
          "column": 51
        }
      },
      "58": {
        "start": {
          "line": 135,
          "column": 8
        },
        "end": {
          "line": 140,
          "column": 11
        }
      },
      "59": {
        "start": {
          "line": 145,
          "column": 2
        },
        "end": {
          "line": 145,
          "column": 15
        }
      }
    },
    "fnMap": {
      "0": {
        "name": "computeDistance",
        "decl": {
          "start": {
            "line": 15,
            "column": 9
          },
          "end": {
            "line": 15,
            "column": 24
          }
        },
        "loc": {
          "start": {
            "line": 15,
            "column": 49
          },
          "end": {
            "line": 35,
            "column": 1
          }
        },
        "line": 15
      },
      "1": {
        "name": "DistanceCalculator",
        "decl": {
          "start": {
            "line": 37,
            "column": 24
          },
          "end": {
            "line": 37,
            "column": 42
          }
        },
        "loc": {
          "start": {
            "line": 37,
            "column": 45
          },
          "end": {
            "line": 146,
            "column": 1
          }
        },
        "line": 37
      },
      "2": {
        "name": "(anonymous_2)",
        "decl": {
          "start": {
            "line": 57,
            "column": 12
          },
          "end": {
            "line": 57,
            "column": 13
          }
        },
        "loc": {
          "start": {
            "line": 57,
            "column": 18
          },
          "end": {
            "line": 82,
            "column": 3
          }
        },
        "line": 57
      },
      "3": {
        "name": "(anonymous_3)",
        "decl": {
          "start": {
            "line": 59,
            "column": 37
          },
          "end": {
            "line": 59,
            "column": 38
          }
        },
        "loc": {
          "start": {
            "line": 59,
            "column": 43
          },
          "end": {
            "line": 78,
            "column": 5
          }
        },
        "line": 59
      },
      "4": {
        "name": "(anonymous_4)",
        "decl": {
          "start": {
            "line": 61,
            "column": 8
          },
          "end": {
            "line": 61,
            "column": 9
          }
        },
        "loc": {
          "start": {
            "line": 61,
            "column": 18
          },
          "end": {
            "line": 72,
            "column": 9
          }
        },
        "line": 61
      },
      "5": {
        "name": "(anonymous_5)",
        "decl": {
          "start": {
            "line": 73,
            "column": 8
          },
          "end": {
            "line": 73,
            "column": 9
          }
        },
        "loc": {
          "start": {
            "line": 73,
            "column": 19
          },
          "end": {
            "line": 73,
            "column": 37
          }
        },
        "line": 73
      },
      "6": {
        "name": "(anonymous_6)",
        "decl": {
          "start": {
            "line": 79,
            "column": 11
          },
          "end": {
            "line": 79,
            "column": 12
          }
        },
        "loc": {
          "start": {
            "line": 79,
            "column": 17
          },
          "end": {
            "line": 81,
            "column": 5
          }
        },
        "line": 79
      },
      "7": {
        "name": "(anonymous_7)",
        "decl": {
          "start": {
            "line": 84,
            "column": 12
          },
          "end": {
            "line": 84,
            "column": 13
          }
        },
        "loc": {
          "start": {
            "line": 84,
            "column": 18
          },
          "end": {
            "line": 99,
            "column": 3
          }
        },
        "line": 84
      },
      "8": {
        "name": "(anonymous_8)",
        "decl": {
          "start": {
            "line": 101,
            "column": 12
          },
          "end": {
            "line": 101,
            "column": 13
          }
        },
        "loc": {
          "start": {
            "line": 101,
            "column": 24
          },
          "end": {
            "line": 143,
            "column": 3
          }
        },
        "line": 101
      },
      "9": {
        "name": "(anonymous_9)",
        "decl": {
          "start": {
            "line": 123,
            "column": 37
          },
          "end": {
            "line": 123,
            "column": 38
          }
        },
        "loc": {
          "start": {
            "line": 123,
            "column": 47
          },
          "end": {
            "line": 125,
            "column": 7
          }
        },
        "line": 123
      }
    },
    "branchMap": {
      "0": {
        "loc": {
          "start": {
            "line": 17,
            "column": 2
          },
          "end": {
            "line": 34,
            "column": 3
          }
        },
        "type": "if",
        "locations": [
          {
            "start": {
              "line": 17,
              "column": 2
            },
            "end": {
              "line": 34,
              "column": 3
            }
          },
          {
            "start": {
              "line": 17,
              "column": 2
            },
            "end": {
              "line": 34,
              "column": 3
            }
          }
        ],
        "line": 17
      },
      "1": {
        "loc": {
          "start": {
            "line": 17,
            "column": 6
          },
          "end": {
            "line": 17,
            "column": 34
          }
        },
        "type": "binary-expr",
        "locations": [
          {
            "start": {
              "line": 17,
              "column": 6
            },
            "end": {
              "line": 17,
              "column": 18
            }
          },
          {
            "start": {
              "line": 17,
              "column": 22
            },
            "end": {
              "line": 17,
              "column": 34
            }
          }
        ],
        "line": 17
      },
      "2": {
        "loc": {
          "start": {
            "line": 27,
            "column": 4
          },
          "end": {
            "line": 29,
            "column": 5
          }
        },
        "type": "if",
        "locations": [
          {
            "start": {
              "line": 27,
              "column": 4
            },
            "end": {
              "line": 29,
              "column": 5
            }
          },
          {
            "start": {
              "line": 27,
              "column": 4
            },
            "end": {
              "line": 29,
              "column": 5
            }
          }
        ],
        "line": 27
      },
      "3": {
        "loc": {
          "start": {
            "line": 64,
            "column": 10
          },
          "end": {
            "line": 71,
            "column": 11
          }
        },
        "type": "if",
        "locations": [
          {
            "start": {
              "line": 64,
              "column": 10
            },
            "end": {
              "line": 71,
              "column": 11
            }
          },
          {
            "start": {
              "line": 64,
              "column": 10
            },
            "end": {
              "line": 71,
              "column": 11
            }
          }
        ],
        "line": 64
      },
      "4": {
        "loc": {
          "start": {
            "line": 85,
            "column": 4
          },
          "end": {
            "line": 98,
            "column": 5
          }
        },
        "type": "if",
        "locations": [
          {
            "start": {
              "line": 85,
              "column": 4
            },
            "end": {
              "line": 98,
              "column": 5
            }
          },
          {
            "start": {
              "line": 85,
              "column": 4
            },
            "end": {
              "line": 98,
              "column": 5
            }
          }
        ],
        "line": 85
      },
      "5": {
        "loc": {
          "start": {
            "line": 87,
            "column": 8
          },
          "end": {
            "line": 94,
            "column": 13
          }
        },
        "type": "cond-expr",
        "locations": [
          {
            "start": {
              "line": 87,
              "column": 44
            },
            "end": {
              "line": 87,
              "column": 65
            }
          },
          {
            "start": {
              "line": 88,
              "column": 10
            },
            "end": {
              "line": 94,
              "column": 13
            }
          }
        ],
        "line": 87
      },
      "6": {
        "loc": {
          "start": {
            "line": 104,
            "column": 4
          },
          "end": {
            "line": 142,
            "column": 5
          }
        },
        "type": "if",
        "locations": [
          {
            "start": {
              "line": 104,
              "column": 4
            },
            "end": {
              "line": 142,
              "column": 5
            }
          },
          {
            "start": {
              "line": 104,
              "column": 4
            },
            "end": {
              "line": 142,
              "column": 5
            }
          }
        ],
        "line": 104
      },
      "7": {
        "loc": {
          "start": {
            "line": 118,
            "column": 20
          },
          "end": {
[...]
        "name": "(anonymous_9)",
        "decl": {
          "start": {
            "line": 69,
            "column": 2
          },
          "end": {
            "line": 69,
            "column": 3
          }
        },
        "loc": {
          "start": {
            "line": 69,
            "column": 11
          },
          "end": {
            "line": 80,
            "column": 3
          }
        },
        "line": 69
      }
    },
    "branchMap": {
      "0": {
        "loc": {
          "start": {
            "line": 18,
            "column": 4
          },
          "end": {
            "line": 20,
            "column": 5
          }
        },
        "type": "if",
        "locations": [
          {
            "start": {
              "line": 18,
              "column": 4
            },
            "end": {
              "line": 20,
              "column": 5
            }
          },
          {
            "start": {
              "line": 18,
              "column": 4
            },
            "end": {
              "line": 20,
              "column": 5
            }
          }
        ],
        "line": 18
      },
      "1": {
        "loc": {
          "start": {
            "line": 21,
            "column": 4
          },
          "end": {
            "line": 23,
            "column": 5
          }
        },
        "type": "if",
        "locations": [
          {
            "start": {
              "line": 21,
              "column": 4
            },
            "end": {
              "line": 23,
              "column": 5
            }
          },
          {
            "start": {
              "line": 21,
              "column": 4
            },
            "end": {
              "line": 23,
              "column": 5
            }
          }
        ],
        "line": 21
      },
      "2": {
        "loc": {
          "start": {
            "line": 21,
            "column": 8
          },
          "end": {
            "line": 21,
            "column": 44
          }
        },
        "type": "binary-expr",
        "locations": [
          {
            "start": {
              "line": 21,
              "column": 8
            },
            "end": {
              "line": 21,
              "column": 24
            }
          },
          {
            "start": {
              "line": 21,
              "column": 28
            },
            "end": {
              "line": 21,
              "column": 44
            }
          }
        ],
        "line": 21
      },
      "3": {
        "loc": {
          "start": {
            "line": 28,
            "column": 4
          },
          "end": {
            "line": 31,
            "column": 5
          }
        },
        "type": "if",
        "locations": [
          {
            "start": {
              "line": 28,
              "column": 4
            },
            "end": {
              "line": 31,
              "column": 5
            }
          },
          {
            "start": {
              "line": 28,
              "column": 4
            },
            "end": {
              "line": 31,
              "column": 5
            }
          }
        ],
        "line": 28
      },
      "4": {
        "loc": {
          "start": {
            "line": 41,
            "column": 4
          },
          "end": {
            "line": 44,
            "column": 5
          }
        },
        "type": "if",
        "locations": [
          {
            "start": {
              "line": 41,
              "column": 4
            },
            "end": {
              "line": 44,
              "column": 5
            }
          },
          {
            "start": {
              "line": 41,
              "column": 4
            },
            "end": {
              "line": 44,
              "column": 5
            }
          }
        ],
        "line": 41
      },
      "5": {
        "loc": {
          "start": {
            "line": 45,
            "column": 4
          },
          "end": {
            "line": 48,
            "column": 5
          }
        },
        "type": "if",
        "locations": [
          {
            "start": {
              "line": 45,
              "column": 4
            },
            "end": {
              "line": 48,
              "column": 5
            }
          },
          {
            "start": {
              "line": 45,
              "column": 4
            },
            "end": {
              "line": 48,
              "column": 5
            }
          }
        ],
        "line": 45
      }
    },
    "s": {
      "0": 0,
      "1": 0,
      "2": 0,
      "3": 0,
      "4": 0,
      "5": 0,
      "6": 0,
      "7": 0,
      "8": 0,
      "9": 0,
      "10": 0,
      "11": 0,
      "12": 0,
      "13": 0,
      "14": 0,
      "15": 0,
      "16": 0,
      "17": 0,
      "18": 0,
      "19": 0,
      "20": 0,
      "21": 0,
      "22": 0,
      "23": 0,
      "24": 0,
      "25": 0,
      "26": 0,
      "27": 0,
      "28": 0,
      "29": 0,
      "30": 0,
      "31": 0
    },
    "f": {
      "0": 0,
      "1": 0,
      "2": 0,
      "3": 0,
      "4": 0,
      "5": 0,
      "6": 0,
      "7": 0,
      "8": 0,
      "9": 0
    },
    "b": {
      "0": [
        0,
        0
      ],
      "1": [
        0,
        0
      ],
      "2": [
        0,
        0
      ],
      "3": [
        0,
        0
      ],
      "4": [
        0,
        0
      ],
      "5": [
        0,
        0
      ]
    },
    "_coverageSchema": "1a1c01bbd47fc00a2c39e90264f33305004495a9",
    "hash": "92f382bc912477c768382f39440b0783db08848b"
  },
  "/Users/dmillen/Course/CatchMe-Web/src/Pages/Race.js": {
    "path": "/Users/dmillen/Course/CatchMe-Web/src/Pages/Race.js",
    "statementMap": {
      "0": {
        "start": {
          "line": 9,
          "column": 2
        },
        "end": {
          "line": 20,
          "column": 4
        }
      }
    },
    "fnMap": {
      "0": {
        "name": "Race",
        "decl": {
          "start": {
            "line": 8,
            "column": 9
          },
          "end": {
            "line": 8,
            "column": 13
          }
        },
        "loc": {
          "start": {
            "line": 8,
            "column": 16
          },
          "end": {
            "line": 21,
            "column": 1
          }
        },
        "line": 8
      }
    },
    "branchMap": {},
    "s": {
      "0": 0
    },
    "f": {
      "0": 0
    },
    "b": {},
    "_coverageSchema": "1a1c01bbd47fc00a2c39e90264f33305004495a9",
    "hash": "6026c64f7149b647416c75cce498b8661514609f"
  },
  "/Users/dmillen/Course/CatchMe-Web/src/components/RaceEnd.js": {
    "path": "/Users/dmillen/Course/CatchMe-Web/src/components/RaceEnd.js",
    "statementMap": {
      "0": {
        "start": {
          "line": 9,
          "column": 15
        },
        "end": {
          "line": 13,
          "column": 1
        }
      },
      "1": {
        "start": {
          "line": 16,
          "column": 19
        },
        "end": {
          "line": 16,
          "column": 32
        }
      },
      "2": {
        "start": {
          "line": 17,
          "column": 18
        },
        "end": {
          "line": 17,
          "column": 30
        }
      },
      "3": {
        "start": {
          "line": 18,
          "column": 34
        },
        "end": {
          "line": 20,
          "column": 4
        }
      },
      "4": {
        "start": {
          "line": 22,
          "column": 19
        },
        "end": {
          "line": 28,
          "column": 3
        }
      },
      "5": {
        "start": {
          "line": 23,
          "column": 20
        },
        "end": {
          "line": 26,
          "column": 5
        }
      },
      "6": {
        "start": {
          "line": 25,
          "column": 28
        },
        "end": {
          "line": 25,
          "column": 40
        }
      },
      "7": {
        "start": {
          "line": 27,
          "column": 4
        },
        "end": {
          "line": 27,
          "column": 19
        }
      },
      "8": {
        "start": {
          "line": 31,
          "column": 23
        },
        "end": {
          "line": 31,
          "column": 55
        }
      },
      "9": {
        "start": {
          "line": 32,
          "column": 16
        },
        "end": {
          "line": 32,
          "column": 50
        }
      },
      "10": {
        "start": {
          "line": 33,
          "column": 16
        },
        "end": {
          "line": 33,
          "column": 57
        }
      },
      "11": {
        "start": {
          "line": 34,
          "column": 16
        },
        "end": {
          "line": 34,
          "column": 54
        }
      },
      "12": {
        "start": {
          "line": 35,
          "column": 4
        },
        "end": {
          "line": 35,
          "column": 53
        }
      },
      "13": {
        "start": {
          "line": 36,
          "column": 4
        },
        "end": {
          "line": 36,
          "column": 56
        }
      },
      "14": {
        "start": {
          "line": 39,
          "column": 2
        },
        "end": {
          "line": 70,
          "column": 4
        }
      },
      "15": {
        "start": {
          "line": 55,
          "column": 46
        },
        "end": {
          "line": 55,
          "column": 69
        }
      },
      "16": {
        "start": {
          "line": 62,
          "column": 8
        },
        "end": {
          "line": 66,
          "column": 14
        }
      }
    },
    "fnMap": {
      "0": {
        "name": "RaceEnd",
        "decl": {
          "start": {
            "line": 15,
            "column": 24
          },
          "end": {
            "line": 15,
            "column": 31
          }
        },
        "loc": {
          "start": {
            "line": 15,
            "column": 34
          },
          "end": {
            "line": 71,
            "column": 1
          }
        },
        "line": 15
      },
      "1": {
        "name": "(anonymous_1)",
        "decl": {
          "start": {
            "line": 22,
            "column": 19
          },
          "end": {
            "line": 22,
            "column": 20
          }
        },
        "loc": {
          "start": {
            "line": 22,
            "column": 25
          },
          "end": {
            "line": 28,
            "column": 3
          }
        },
        "line": 22
      },
      "2": {
        "name": "(anonymous_2)",
        "decl": {
          "start": {
            "line": 25,
            "column": 21
          },
          "end": {
            "line": 25,
            "column": 22
          }
        },
        "loc": {
          "start": {
            "line": 25,
            "column": 28
          },
          "end": {
            "line": 25,
            "column": 40
          }
        },
        "line": 25
      },
      "3": {
        "name": "msToTime",
        "decl": {
          "start": {
            "line": 30,
            "column": 11
          },
          "end": {
            "line": 30,
            "column": 19
          }
        },
        "loc": {
          "start": {
            "line": 30,
            "column": 30
          },
          "end": {
            "line": 37,
            "column": 3
          }
        },
        "line": 30
      },
      "4": {
        "name": "(anonymous_4)",
        "decl": {
          "start": {
            "line": 55,
            "column": 36
          },
          "end": {
            "line": 55,
            "column": 37
          }
        },
        "loc": {
          "start": {
            "line": 55,
            "column": 46
          },
          "end": {
            "line": 55,
            "column": 69
          }
        },
        "line": 55
      },
      "5": {
        "name": "(anonymous_5)",
        "decl": {
          "start": {
            "line": 61,
            "column": 22
          },
          "end": {
            "line": 61,
            "column": 23
          }
        },
        "loc": {
          "start": {
            "line": 62,
            "column": 8
          },
          "end": {
            "line": 66,
            "column": 14
          }
        },
        "line": 62
      }
    },
    "branchMap": {
      "0": {
        "loc": {
          "start": {
            "line": 18,
            "column": 16
          },
          "end": {
            "line": 18,
            "column": 29
          }
        },
        "type": "default-arg",
        "locations": [
          {
            "start": {
              "line": 18,
              "column": 27
            },
            "end": {
              "line": 18,
              "column": 29
            }
          }
        ],
        "line": 18
      },
      "1": {
        "loc": {
          "start": {
            "line": 34,
            "column": 16
          },
          "end": {
            "line": 34,
            "column": 54
          }
        },
        "type": "cond-expr",
        "locations": [
          {
            "start": {
              "line": 34,
              "column": 31
            },
            "end": {
              "line": 34,
              "column": 44
            }
          },
          {
            "start": {
              "line": 34,
              "column": 47
            },
            "end": {
              "line": 34,
              "column": 54
            }
          }
        ],
        "line": 34
      },
      "2": {
        "loc": {
          "start": {
            "line": 35,
            "column": 14
          },
          "end": {
            "line": 35,
            "column": 52
          }
        },
        "type": "cond-expr",
        "locations": [
          {
            "start": {
              "line": 35,
              "column": 29
            },
            "end": {
              "line": 35,
              "column": 42
            }
          },
          {
            "start": {
              "line": 35,
              "column": 45
            },
            "end": {
              "line": 35,
              "column": 52
            }
          }
        ],
        "line": 35
      },
      "3": {
        "loc": {
          "start": {
            "line": 52,
            "column": 15
          },
          "end": {
            "line": 52,
            "column": 36
          }
        },
        "type": "binary-expr",
        "locations": [
          {
            "start": {
              "line": 52,
              "column": 15
            },
            "end": {
              "line": 52,
              "column": 19
            }
          },
          {
            "start": {
              "line": 52,
              "column": 23
            },
            "end": {
              "line": 52,
              "column": 36
            }
          }
        ],
        "line": 52
      },
      "4": {
        "loc": {
          "start": {
            "line": 53,
            "column": 15
          },
          "end": {
            "line": 53,
            "column": 43
          }
        },
        "type": "binary-expr",
        "locations": [
          {
            "start": {
              "line": 53,
              "column": 15
            },
            "end": {
              "line": 53,
              "column": 19
            }
          },
          {
            "start": {
              "line": 53,
              "column": 23
            },
            "end": {
              "line": 53,
              "column": 43
            }
          }
        ],
        "line": 53
      },
      "5": {
        "loc": {
          "start": {
            "line": 54,
            "column": 15
          },
          "end": {
            "line": 55,
            "column": 81
          }
        },
        "type": "binary-expr",
        "locations": [
          {
            "start": {
              "line": 54,
              "column": 15
            },
            "end": {
              "line": 54,
              "column": 19
            }
          },
          {
            "start": {
              "line": 55,
              "column": 20
            },
            "end": {
              "line": 55,
              "column": 81
            }
          }
        ],
        "line": 54
      }
    },
    "s": {
      "0": 34,
      "1": 0,
      "2": 0,
      "3": 0,
      "4": 0,
      "5": 0,
      "6": 0,
      "7": 0,
      "8": 0,
      "9": 0,
      "10": 0,
      "11": 0,
      "12": 0,
      "13": 0,
      "14": 0,
      "15": 0,
      "16": 0
    },
    "f": {
      "0": 0,
      "1": 0,
      "2": 0,
      "3": 0,
      "4": 0,
      "5": 0
    },
    "b": {
      "0": [
        0
      ],
      "1": [
        0,
        0
      ],
      "2": [
        0,
        0
      ],
      "3": [
        0,
        0
      ],
      "4": [
        0,
        0
      ],
      "5": [
        0,
        0
      ]
    },
    "_coverageSchema": "1a1c01bbd47fc00a2c39e90264f33305004495a9",
    "hash": "33f596de60f3c71cdd9abe25c8401d1ee740bca5"
  },
  "/Users/dmillen/Course/CatchMe-Web/src/Pages/Race-end.js": {
    "path": "/Users/dmillen/Course/CatchMe-Web/src/Pages/Race-end.js",
    "statementMap": {
      "0": {
        "start": {
          "line": 8,
          "column": 4
        },
        "end": {
          "line": 16,
          "column": 6
        }
      }
    },
    "fnMap": {
      "0": {
        "name": "(anonymous_0)",
        "decl": {
          "start": {
            "line": 7,
            "column": 2
          },
          "end": {
            "line": 7,
            "column": 3
          }
        },
        "loc": {
          "start": {
            "line": 7,
            "column": 11
          },
          "end": {
            "line": 17,
            "column": 3
          }
        },
        "line": 7
      }
    },
    "branchMap": {},
    "s": {
      "0": 0
    },
    "f": {
      "0": 0
    },
    "b": {},
    "_coverageSchema": "1a1c01bbd47fc00a2c39e90264f33305004495a9",
    "hash": "c33791572e4ab33c3e3cf091babf0e9249265c90"
  },
  "/Users/dmillen/Course/CatchMe-Web/src/App.js": {
    "path": "/Users/dmillen/Course/CatchMe-Web/src/App.js",
    "statementMap": {
      "0": {
        "start": {
          "line": 16,
          "column": 15
        },
        "end": {
          "line": 18,
          "column": 2
        }
      },
      "1": {
        "start": {
          "line": 21,
          "column": 2
        },
        "end": {
          "line": 52,
          "column": 4
        }
      }
    },
    "fnMap": {
      "0": {
        "name": "App",
        "decl": {
          "start": {
            "line": 20,
            "column": 9
          },
          "end": {
            "line": 20,
            "column": 12
          }
        },
        "loc": {
          "start": {
            "line": 20,
            "column": 15
          },
          "end": {
            "line": 53,
            "column": 1
          }
        },
        "line": 20
      }
    },
    "branchMap": {},
    "s": {
      "0": 34,
      "1": 34
    },
    "f": {
      "0": 34
    },
    "b": {},
    "_coverageSchema": "1a1c01bbd47fc00a2c39e90264f33305004495a9",
    "hash": "394292d028b37b53ceedb8b7288592d62dc898cf"
  },
  "/Users/dmillen/Course/CatchMe-Web/src/index.js": {
    "path": "/Users/dmillen/Course/CatchMe-Web/src/index.js",
    "statementMap": {
      "0": {
        "start": {
          "line": 8,
          "column": 0
        },
        "end": {
          "line": 8,
          "column": 59
        }
      }
    },
    "fnMap": {},
    "branchMap": {},
    "s": {
      "0": 34
    },
    "f": {},
    "b": {},
    "_coverageSchema": "1a1c01bbd47fc00a2c39e90264f33305004495a9",
    "hash": "18ee0a54c66211c42128b314484ea87a4761d3ea"
  }
}