{
  "/Users/dmillen/Course/CatchMe-Web/src/components/Footer.js": {
    "path": "/Users/dmillen/Course/CatchMe-Web/src/components/Footer.js",
    "statementMap": {
      "0": {
        "start": {
          "line": 5,
          "column": 4
        },
        "end": {
          "line": 9,
          "column": 5
        }
      }
    },
    "fnMap": {
      "0": {
        "name": "(anonymous_0)",
        "decl": {
          "start": {
            "line": 4,
            "column": 2
          },
          "end": {
            "line": 4,
            "column": 3
          }
        },
        "loc": {
          "start": {
            "line": 4,
            "column": 11
          },
          "end": {
            "line": 10,
            "column": 3
          }
        },
        "line": 4
      }
    },
    "branchMap": {},
    "s": {
      "0": 1
    },
    "f": {
      "0": 1
    },
    "b": {},
    "_coverageSchema": "1a1c01bbd47fc00a2c39e90264f33305004495a9",
    "hash": "915465b11d399a811a8177fbb07587a47bf0faa1"
  },
  "/Users/dmillen/Course/CatchMe-Web/src/Pages/Home.js": {
    "path": "/Users/dmillen/Course/CatchMe-Web/src/Pages/Home.js",
    "statementMap": {
      "0": {
        "start": {
          "line": 8,
          "column": 4
        },
        "end": {
          "line": 24,
          "column": 5
        }
      }
    },
    "fnMap": {
      "0": {
        "name": "(anonymous_0)",
        "decl": {
          "start": {
            "line": 7,
            "column": 2
          },
          "end": {
            "line": 7,
            "column": 3
          }
        },
        "loc": {
          "start": {
            "line": 7,
            "column": 11
          },
          "end": {
            "line": 25,
            "column": 3
          }
        },
        "line": 7
      }
    },
    "branchMap": {},
    "s": {
      "0": 1
    },
    "f": {
      "0": 1
    },
    "b": {},
    "_coverageSchema": "1a1c01bbd47fc00a2c39e90264f33305004495a9",
    "hash": "5af9da4ff5a900c15d19e57eca578d6ef8016235"
  },
  "/Users/dmillen/Course/CatchMe-Web/src/components/Header.js": {
    "path": "/Users/dmillen/Course/CatchMe-Web/src/components/Header.js",
    "statementMap": {
      "0": {
        "start": {
          "line": 8,
          "column": 4
        },
        "end": {
          "line": 16,
          "column": 5
        }
      }
    },
    "fnMap": {
      "0": {
        "name": "(anonymous_0)",
        "decl": {
          "start": {
            "line": 7,
            "column": 2
          },
          "end": {
            "line": 7,
            "column": 3
          }
        },
        "loc": {
          "start": {
            "line": 7,
            "column": 11
          },
          "end": {
            "line": 17,
            "column": 3
          }
        },
        "line": 7
      }
    },
    "branchMap": {},
    "s": {
      "0": 0
    },
    "f": {
      "0": 0
    },
    "b": {},
    "_coverageSchema": "1a1c01bbd47fc00a2c39e90264f33305004495a9",
    "hash": "c47d8de11f7b5d78b6902df111ed04e8863ba19d"
  },
  "/Users/dmillen/Course/CatchMe-Web/src/Pages/How-to-play.js": {
    "path": "/Users/dmillen/Course/CatchMe-Web/src/Pages/How-to-play.js",
    "statementMap": {
      "0": {
        "start": {
          "line": 7,
          "column": 4
        },
        "end": {
          "line": 19,
          "column": 5
        }
      }
    },
    "fnMap": {
      "0": {
        "name": "(anonymous_0)",
        "decl": {
          "start": {
            "line": 6,
            "column": 2
          },
          "end": {
            "line": 6,
            "column": 3
          }
        },
        "loc": {
          "start": {
            "line": 6,
            "column": 11
          },
          "end": {
            "line": 20,
            "column": 3
          }
        },
        "line": 6
      }
    },
    "branchMap": {},
    "s": {
      "0": 0
    },
    "f": {
      "0": 0
    },
    "b": {},
    "_coverageSchema": "1a1c01bbd47fc00a2c39e90264f33305004495a9",
    "hash": "c225f7426505d9516c1f73b18b287dbe3a8fd3c4"
  },
  "/Users/dmillen/Course/CatchMe-Web/src/graphql/mutations/createRace.js": {
    "path": "/Users/dmillen/Course/CatchMe-Web/src/graphql/mutations/createRace.js",
    "statementMap": {
      "0": {
        "start": {
          "line": 3,
          "column": 27
        },
        "end": {
          "line": 10,
          "column": 1
        }
      }
    },
    "fnMap": {},
    "branchMap": {},
    "s": {
      "0": 1
    },
    "f": {},
    "b": {},
    "_coverageSchema": "1a1c01bbd47fc00a2c39e90264f33305004495a9",
    "hash": "85d6b5f516ce9e1deb82aaa5000b90a5060f1c4a"
  },
  "/Users/dmillen/Course/CatchMe-Web/src/graphql/mutations/createUser.js": {
    "path": "/Users/dmillen/Course/CatchMe-Web/src/graphql/mutations/createUser.js",
    "statementMap": {
      "0": {
        "start": {
          "line": 3,
          "column": 27
        },
        "end": {
          "line": 10,
          "column": 1
        }
      }
    },
    "fnMap": {},
    "branchMap": {},
    "s": {
      "0": 1
    },
    "f": {},
    "b": {},
    "_coverageSchema": "1a1c01bbd47fc00a2c39e90264f33305004495a9",
    "hash": "f08017ea06c1eaa299b1b153d5c694300f0f61b5"
  },
  "/Users/dmillen/Course/CatchMe-Web/src/components/CreateRaceForm.js": {
    "path": "/Users/dmillen/Course/CatchMe-Web/src/components/CreateRaceForm.js",
    "statementMap": {
      "0": {
        "start": {
          "line": 8,
          "column": 34
        },
        "end": {
          "line": 8,
          "column": 55
        }
      },
      "1": {
        "start": {
          "line": 9,
          "column": 34
        },
        "end": {
          "line": 9,
          "column": 52
        }
      },
      "2": {
        "start": {
          "line": 10,
          "column": 43
        },
        "end": {
          "line": 10,
          "column": 67
        }
      },
      "3": {
        "start": {
          "line": 11,
          "column": 51
        },
        "end": {
          "line": 11,
          "column": 75
        }
      },
      "4": {
        "start": {
          "line": 12,
          "column": 18
        },
        "end": {
          "line": 12,
          "column": 30
        }
      },
      "5": {
        "start": {
          "line": 15,
          "column": 4
        },
        "end": {
          "line": 15,
          "column": 27
        }
      },
      "6": {
        "start": {
          "line": 16,
          "column": 4
        },
        "end": {
          "line": 36,
          "column": 7
        }
      },
      "7": {
        "start": {
          "line": 20,
          "column": 23
        },
        "end": {
          "line": 20,
          "column": 56
        }
      },
      "8": {
        "start": {
          "line": 22,
          "column": 8
        },
        "end": {
          "line": 33,
          "column": 11
        }
      },
      "9": {
        "start": {
          "line": 24,
          "column": 27
        },
        "end": {
          "line": 24,
          "column": 60
        }
      },
      "10": {
        "start": {
          "line": 25,
          "column": 12
        },
        "end": {
          "line": 30,
          "column": 15
        }
      },
      "11": {
        "start": {
          "line": 39,
          "column": 22
        },
        "end": {
          "line": 41,
          "column": 3
        }
      },
      "12": {
        "start": {
          "line": 40,
          "column": 4
        },
        "end": {
          "line": 40,
          "column": 28
        }
      },
      "13": {
        "start": {
          "line": 43,
          "column": 28
        },
        "end": {
          "line": 45,
          "column": 3
        }
      },
      "14": {
        "start": {
          "line": 44,
          "column": 4
        },
        "end": {
          "line": 44,
          "column": 36
        }
      },
      "15": {
        "start": {
          "line": 47,
          "column": 27
        },
        "end": {
          "line": 49,
          "column": 3
        }
      },
      "16": {
        "start": {
          "line": 48,
          "column": 4
        },
        "end": {
          "line": 48,
          "column": 36
        }
      },
      "17": {
        "start": {
          "line": 51,
          "column": 2
        },
        "end": {
          "line": 87,
          "column": 4
        }
      }
    },
    "fnMap": {
      "0": {
        "name": "CreateRaceForm",
        "decl": {
          "start": {
            "line": 7,
            "column": 24
          },
          "end": {
            "line": 7,
            "column": 38
          }
        },
        "loc": {
          "start": {
            "line": 7,
            "column": 41
          },
          "end": {
            "line": 88,
            "column": 1
          }
        },
        "line": 7
      },
      "1": {
        "name": "handleCreateRace",
        "decl": {
          "start": {
            "line": 14,
            "column": 11
          },
          "end": {
            "line": 14,
            "column": 27
          }
        },
        "loc": {
          "start": {
            "line": 14,
            "column": 35
          },
          "end": {
            "line": 37,
            "column": 3
          }
        },
        "line": 14
      },
      "2": {
        "name": "(anonymous_2)",
        "decl": {
          "start": {
            "line": 17,
            "column": 14
          },
          "end": {
            "line": 17,
            "column": 15
          }
        },
        "loc": {
          "start": {
            "line": 17,
            "column": 41
          },
          "end": {
            "line": 34,
            "column": 7
          }
        },
        "line": 17
      },
      "3": {
        "name": "(anonymous_3)",
        "decl": {
          "start": {
            "line": 23,
            "column": 18
          },
          "end": {
            "line": 23,
            "column": 19
          }
        },
        "loc": {
          "start": {
            "line": 23,
            "column": 45
          },
          "end": {
            "line": 31,
            "column": 11
          }
        },
        "line": 23
      },
      "4": {
        "name": "(anonymous_4)",
        "decl": {
          "start": {
            "line": 39,
            "column": 22
          },
          "end": {
            "line": 39,
            "column": 23
          }
        },
        "loc": {
          "start": {
            "line": 39,
            "column": 28
          },
          "end": {
            "line": 41,
            "column": 3
          }
        },
        "line": 39
      },
      "5": {
        "name": "(anonymous_5)",
        "decl": {
          "start": {
            "line": 43,
            "column": 28
          },
          "end": {
            "line": 43,
            "column": 29
          }
        },
        "loc": {
          "start": {
            "line": 43,
            "column": 39
          },
          "end": {
            "line": 45,
            "column": 3
          }
        },
        "line": 43
      },
      "6": {
        "name": "(anonymous_6)",
        "decl": {
          "start": {
            "line": 47,
            "column": 27
          },
          "end": {
            "line": 47,
            "column": 28
          }
        },
        "loc": {
          "start": {
            "line": 47,
            "column": 38
          },
          "end": {
            "line": 49,
            "column": 3
          }
        },
        "line": 47
      }
    },
    "branchMap": {},
    "s": {
      "0": 0,
      "1": 0,
      "2": 0,
      "3": 0,
      "4": 0,
      "5": 0,
      "6": 0,
      "7": 0,
      "8": 0,
      "9": 0,
      "10": 0,
      "11": 0,
      "12": 0,
      "13": 0,
      "14": 0,
      "15": 0,
      "16": 0,
      "17": 0
    },
    "f": {
      "0": 0,
      "1": 0,
      "2": 0,
      "3": 0,
      "4": 0,
      "5": 0,
      "6": 0
    },
    "b": {},
    "_coverageSchema": "1a1c01bbd47fc00a2c39e90264f33305004495a9",
    "hash": "783c45db4c8236d0e91bd2e8e0ef4c5dfc87bf2e"
  },
  "/Users/dmillen/Course/CatchMe-Web/src/components/Header2.js": {
    "path": "/Users/dmillen/Course/CatchMe-Web/src/components/Header2.js",
    "statementMap": {
      "0": {
        "start": {
          "line": 7,
          "column": 4
        },
        "end": {
          "line": 14,
          "column": 5
        }
      }
    },
    "fnMap": {
      "0": {
        "name": "(anonymous_0)",
        "decl": {
          "start": {
            "line": 6,
            "column": 2
          },
          "end": {
            "line": 6,
            "column": 3
          }
        },
        "loc": {
          "start": {
            "line": 6,
            "column": 11
          },
          "end": {
            "line": 15,
            "column": 3
          }
        },
        "line": 6
      }
    },
    "branchMap": {},
    "s": {
      "0": 0
    },
    "f": {
      "0": 0
    },
    "b": {},
    "_coverageSchema": "1a1c01bbd47fc00a2c39e90264f33305004495a9",
    "hash": "042843b5e19c805d65a019a637b70f0efafa02a8"
  },
  "/Users/dmillen/Course/CatchMe-Web/src/Pages/CreateRace.js": {
    "path": "/Users/dmillen/Course/CatchMe-Web/src/Pages/CreateRace.js",
    "statementMap": {
      "0": {
        "start": {
          "line": 8,
          "column": 4
        },
        "end": {
          "line": 16,
          "column": 5
        }
      }
    },
    "fnMap": {
      "0": {
        "name": "(anonymous_0)",
        "decl": {
          "start": {
            "line": 7,
            "column": 2
          },
          "end": {
            "line": 7,
            "column": 3
          }
        },
        "loc": {
          "start": {
            "line": 7,
            "column": 11
          },
          "end": {
            "line": 17,
            "column": 3
          }
        },
        "line": 7
      }
    },
    "branchMap": {},
    "s": {
      "0": 0
    },
    "f": {
      "0": 0
    },
    "b": {},
    "_coverageSchema": "1a1c01bbd47fc00a2c39e90264f33305004495a9",
    "hash": "e7c918fb8c0c21fa6bbc2b5f2eb8ac8640d18251"
  },
  "/Users/dmillen/Course/CatchMe-Web/src/graphql/queries/race.js": {
    "path": "/Users/dmillen/Course/CatchMe-Web/src/graphql/queries/race.js",
    "statementMap": {
      "0": {
        "start": {
          "line": 3,
          "column": 26
        },
        "end": {
          "line": 28,
          "column": 1
        }
      }
    },
    "fnMap": {},
    "branchMap": {},
    "s": {
      "0": 1
    },
    "f": {},
    "b": {},
    "_coverageSchema": "1a1c01bbd47fc00a2c39e90264f33305004495a9",
    "hash": "f133b66d2522836b02996c6fd82a497f76765750"
  },
  "/Users/dmillen/Course/CatchMe-Web/src/components/FindRaceForm.js": {
    "path": "/Users/dmillen/Course/CatchMe-Web/src/components/FindRaceForm.js",
    "statementMap": {
      "0": {
        "start": {
          "line": 8,
          "column": 30
        },
        "end": {
          "line": 8,
          "column": 48
        }
      },
      "1": {
        "start": {
          "line": 9,
          "column": 34
        },
        "end": {
          "line": 9,
          "column": 52
        }
      },
      "2": {
        "start": {
          "line": 10,
          "column": 51
        },
        "end": {
          "line": 10,
          "column": 75
        }
      },
      "3": {
        "start": {
          "line": 11,
          "column": 18
        },
        "end": {
          "line": 11,
          "column": 30
        }
      },
      "4": {
        "start": {
          "line": 14,
          "column": 4
        },
        "end": {
          "line": 14,
          "column": 27
        }
      },
      "5": {
        "start": {
          "line": 15,
          "column": 4
        },
        "end": {
          "line": 26,
          "column": 7
        }
      },
      "6": {
        "start": {
          "line": 17,
          "column": 23
        },
        "end": {
          "line": 17,
          "column": 56
        }
      },
      "7": {
        "start": {
          "line": 18,
          "column": 8
        },
        "end": {
          "line": 23,
          "column": 10
        }
      },
      "8": {
        "start": {
          "line": 32,
          "column": 28
        },
        "end": {
          "line": 34,
          "column": 3
        }
      },
      "9": {
        "start": {
          "line": 33,
          "column": 4
        },
        "end": {
          "line": 33,
          "column": 34
        }
      },
      "10": {
        "start": {
          "line": 36,
          "column": 30
        },
        "end": {
          "line": 38,
          "column": 3
        }
      },
      "11": {
        "start": {
          "line": 37,
          "column": 4
        },
        "end": {
          "line": 37,
          "column": 36
        }
      },
      "12": {
        "start": {
          "line": 40,
          "column": 2
        },
        "end": {
          "line": 53,
          "column": 4
        }
      }
    },
    "fnMap": {
      "0": {
        "name": "FindRace",
        "decl": {
          "start": {
            "line": 7,
            "column": 24
          },
          "end": {
            "line": 7,
            "column": 32
          }
        },
        "loc": {
          "start": {
            "line": 7,
            "column": 35
          },
          "end": {
            "line": 54,
            "column": 1
          }
        },
        "line": 7
      },
      "1": {
        "name": "handleFindRace",
        "decl": {
          "start": {
            "line": 13,
            "column": 11
          },
          "end": {
            "line": 13,
            "column": 25
          }
        },
        "loc": {
          "start": {
            "line": 13,
            "column": 33
          },
          "end": {
            "line": 30,
            "column": 3
          }
        },
        "line": 13
      },
      "2": {
        "name": "(anonymous_2)",
        "decl": {
          "start": {
            "line": 16,
            "column": 14
          },
          "end": {
            "line": 16,
            "column": 15
          }
        },
        "loc": {
          "start": {
            "line": 16,
            "column": 41
          },
          "end": {
            "line": 24,
            "column": 7
          }
        },
        "line": 16
      },
      "3": {
        "name": "(anonymous_3)",
        "decl": {
          "start": {
            "line": 32,
            "column": 28
          },
          "end": {
            "line": 32,
            "column": 29
          }
        },
        "loc": {
          "start": {
            "line": 32,
            "column": 39
          },
          "end": {
            "line": 34,
            "column": 3
          }
        },
        "line": 32
      },
      "4": {
        "name": "(anonymous_4)",
        "decl": {
          "start": {
            "line": 36,
            "column": 30
          },
          "end": {
            "line": 36,
            "column": 31
          }
        },
        "loc": {
          "start": {
            "line": 36,
            "column": 41
          },
          "end": {
            "line": 38,
            "column": 3
          }
        },
        "line": 36
      }
    },
    "branchMap": {},
    "s": {
      "0": 0,
      "1": 0,
      "2": 0,
      "3": 0,
      "4": 0,
      "5": 0,
      "6": 0,
      "7": 0,
      "8": 0,
      "9": 0,
      "10": 0,
      "11": 0,
      "12": 0
    },
    "f": {
      "0": 0,
      "1": 0,
      "2": 0,
      "3": 0,
      "4": 0
    },
    "b": {},
    "_coverageSchema": "1a1c01bbd47fc00a2c39e90264f33305004495a9",
    "hash": "18c4fadf2e09b6216929b5691b003b73ce63649e"
  },
  "/Users/dmillen/Course/CatchMe-Web/src/Pages/FindRace.js": {
    "path": "/Users/dmillen/Course/CatchMe-Web/src/Pages/FindRace.js",
    "statementMap": {
      "0": {
        "start": {
          "line": 8,
          "column": 4
        },
        "end": {
          "line": 17,
          "column": 5
        }
      }
    },
    "fnMap": {
      "0": {
        "name": "(anonymous_0)",
        "decl": {
          "start": {
            "line": 7,
            "column": 2
          },
          "end": {
            "line": 7,
            "column": 3
          }
        },
        "loc": {
          "start": {
            "line": 7,
            "column": 11
          },
          "end": {
            "line": 18,
            "column": 3
          }
        },
        "line": 7
      }
    },
    "branchMap": {},
    "s": {
      "0": 0
    },
    "f": {
      "0": 0
    },
    "b": {},
    "_coverageSchema": "1a1c01bbd47fc00a2c39e90264f33305004495a9",
    "hash": "c1abb185804aad2c1db85d2789e2f6fd83dd9335"
  },
  "/Users/dmillen/Course/CatchMe-Web/src/components/LeaderTable.js": {
    "path": "/Users/dmillen/Course/CatchMe-Web/src/components/LeaderTable.js",
    "statementMap": {
      "0": {
        "start": {
          "line": 5,
          "column": 15
        },
        "end": {
          "line": 8,
          "column": 1
        }
      },
      "1": {
        "start": {
          "line": 11,
          "column": 2
        },
        "end": {
          "line": 46,
          "column": 4
        }
      }
    },
    "fnMap": {
      "0": {
        "name": "LeaderTable",
        "decl": {
          "start": {
            "line": 10,
            "column": 24
          },
          "end": {
            "line": 10,
            "column": 35
          }
        },
        "loc": {
          "start": {
            "line": 10,
            "column": 43
          },
          "end": {
            "line": 47,
            "column": 1
          }
        },
        "line": 10
      }
    },
    "branchMap": {},
    "s": {
      "0": 1,
      "1": 0
    },
    "f": {
      "0": 0
    },
    "b": {},
    "_coverageSchema": "1a1c01bbd47fc00a2c39e90264f33305004495a9",
    "hash": "e08e85fffe576e7f782b4c37bfcb644e5fb99732"
  },
  "/Users/dmillen/Course/CatchMe-Web/src/Pages/Leaderboard.js": {
    "path": "/Users/dmillen/Course/CatchMe-Web/src/Pages/Leaderboard.js",
    "statementMap": {
      "0": {
        "start": {
          "line": 8,
          "column": 4
        },
        "end": {
          "line": 17,
          "column": 6
        }
      }
    },
    "fnMap": {
      "0": {
        "name": "(anonymous_0)",
        "decl": {
          "start": {
            "line": 7,
            "column": 2
          },
          "end": {
            "line": 7,
            "column": 3
          }
        },
        "loc": {
          "start": {
            "line": 7,
            "column": 11
          },
          "end": {
            "line": 18,
            "column": 3
          }
        },
        "line": 7
      }
    },
    "branchMap": {},
    "s": {
      "0": 0
    },
    "f": {
      "0": 0
    },
    "b": {},
    "_coverageSchema": "1a1c01bbd47fc00a2c39e90264f33305004495a9",
    "hash": "cc8ed3bcc1a5b1432e36a388283a2bf34cdcd4b2"
  },
  "/Users/dmillen/Course/CatchMe-Web/src/graphql/mutations/createLocation.js": {
    "path": "/Users/dmillen/Course/CatchMe-Web/src/graphql/mutations/createLocation.js",
    "statementMap": {
      "0": {
        "start": {
          "line": 3,
          "column": 31
        },
        "end": {
          "line": 28,
          "column": 1
        }
      }
    },
    "fnMap": {},
    "branchMap": {},
    "s": {
      "0": 1
    },
    "f": {},
    "b": {},
    "_coverageSchema": "1a1c01bbd47fc00a2c39e90264f33305004495a9",
    "hash": "6f54b53f1dc32d196118d8ade7e81d408e4db153"
  },
  "/Users/dmillen/Course/CatchMe-Web/src/graphql/mutations/updateRaceStartTime.js": {
    "path": "/Users/dmillen/Course/CatchMe-Web/src/graphql/mutations/updateRaceStartTime.js",
    "statementMap": {
      "0": {
        "start": {
          "line": 3,
          "column": 38
        },
        "end": {
          "line": 10,
          "column": 1
        }
      }
    },
    "fnMap": {},
    "branchMap": {},
    "s": {
      "0": 1
    },
    "f": {},
    "b": {},
    "_coverageSchema": "1a1c01bbd47fc00a2c39e90264f33305004495a9",
    "hash": "21efc6d341afd83645727d2dbd5cb17bdab43118"
  },
  "/Users/dmillen/Course/CatchMe-Web/src/Pages/Lobby.js": {
    "path": "/Users/dmillen/Course/CatchMe-Web/src/Pages/Lobby.js",
    "statementMap": {
      "0": {
        "start": {
          "line": 12,
          "column": 48
        },
        "end": {
          "line": 12,
          "column": 69
        }
      },
      "1": {
        "start": {
          "line": 13,
          "column": 19
        },
        "end": {
          "line": 13,
          "column": 32
        }
      },
      "2": {
        "start": {
          "line": 14,
          "column": 18
        },
        "end": {
          "line": 14,
          "column": 30
        }
      },
      "3": {
        "start": {
          "line": 16,
          "column": 34
        },
        "end": {
          "line": 25,
          "column": 4
        }
      },
      "4": {
        "start": {
          "line": 22,
          "column": 6
        },
        "end": {
          "line": 22,
          "column": 25
        }
      },
      "5": {
        "start": {
          "line": 23,
          "column": 6
        },
        "end": {
          "line": 23,
          "column": 27
        }
      },
      "6": {
        "start": {
          "line": 26,
          "column": 27
        },
        "end": {
          "line": 26,
          "column": 55
        }
      },
      "7": {
        "start": {
          "line": 27,
          "column": 32
        },
        "end": {
          "line": 27,
          "column": 67
        }
      },
      "8": {
        "start": {
          "line": 29,
          "column": 21
        },
        "end": {
          "line": 42,
          "column": 3
        }
      },
      "9": {
        "start": {
          "line": 31,
          "column": 23
        },
        "end": {
          "line": 31,
          "column": 24
        }
      },
      "10": {
        "start": {
          "line": 32,
          "column": 4
        },
        "end": {
          "line": 36,
          "column": 5
        }
      },
      "11": {
        "start": {
          "line": 33,
          "column": 6
        },
        "end": {
          "line": 35,
          "column": 7
        }
      },
      "12": {
        "start": {
          "line": 34,
          "column": 8
        },
        "end": {
          "line": 34,
          "column": 23
        }
      },
      "13": {
        "start": {
          "line": 37,
          "column": 4
        },
        "end": {
          "line": 41,
          "column": 5
        }
      },
      "14": {
        "start": {
          "line": 38,
          "column": 6
        },
        "end": {
          "line": 38,
          "column": 31
        }
      },
      "15": {
        "start": {
          "line": 40,
          "column": 6
        },
        "end": {
          "line": 40,
          "column": 32
        }
      },
      "16": {
        "start": {
          "line": 44,
          "column": 23
        },
        "end": {
          "line": 62,
          "column": 3
        }
      },
      "17": {
        "start": {
          "line": 45,
          "column": 4
        },
        "end": {
          "line": 61,
          "column": 5
        }
      },
      "18": {
        "start": {
          "line": 47,
          "column": 6
        },
        "end": {
          "line": 60,
          "column": 7
        }
      },
      "19": {
        "start": {
          "line": 48,
          "column": 8
        },
        "end": {
          "line": 59,
          "column": 9
        }
      },
      "20": {
        "start": {
          "line": 49,
          "column": 10
        },
        "end": {
          "line": 49,
          "column": 153
        }
      },
      "21": {
        "start": {
          "line": 50,
          "column": 10
        },
        "end": {
          "line": 58,
          "column": 13
        }
      },
      "22": {
        "start": {
          "line": 64,
          "column": 23
        },
        "end": {
          "line": 71,
          "column": 3
        }
      },
      "23": {
        "start": {
          "line": 65,
          "column": 4
        },
        "end": {
          "line": 70,
          "column": 7
        }
      },
      "24": {
        "start": {
          "line": 73,
          "column": 22
        },
        "end": {
          "line": 87,
          "column": 3
        }
      },
      "25": {
        "start": {
          "line": 73,
          "column": 33
        },
        "end": {
          "line": 87,
          "column": 3
        }
      },
      "26": {
        "start": {
          "line": 74,
          "column": 4
        },
        "end": {
          "line": 86,
          "column": 7
        }
      },
      "27": {
        "start": {
          "line": 89,
          "column": 2
        },
        "end": {
          "line": 114,
          "column": 4
        }
      },
      "28": {
        "start": {
          "line": 101,
          "column": 14
        },
        "end": {
          "line": 106,
          "column": 19
        }
      }
    },
    "fnMap": {
      "0": {
        "name": "Lobby",
        "decl": {
          "start": {
            "line": 10,
            "column": 24
          },
          "end": {
            "line": 10,
            "column": 29
          }
        },
        "loc": {
          "start": {
            "line": 10,
            "column": 32
          },
          "end": {
            "line": 115,
            "column": 1
          }
        },
        "line": 10
      },
      "1": {
        "name": "(anonymous_1)",
        "decl": {
          "start": {
            "line": 21,
            "column": 17
          },
          "end": {
            "line": 21,
            "column": 18
          }
        },
        "loc": {
          "start": {
            "line": 21,
            "column": 29
          },
          "end": {
            "line": 24,
            "column": 5
          }
        },
        "line": 21
      },
      "2": {
        "name": "(anonymous_2)",
        "decl": {
          "start": {
            "line": 29,
            "column": 21
          },
          "end": {
            "line": 29,
            "column": 22
          }
        },
        "loc": {
          "start": {
            "line": 29,
            "column": 27
          },
          "end": {
            "line": 42,
            "column": 3
          }
        },
        "line": 29
      },
      "3": {
        "name": "(anonymous_3)",
        "decl": {
          "start": {
            "line": 44,
            "column": 23
          },
          "end": {
            "line": 44,
            "column": 24
          }
        },
        "loc": {
          "start": {
            "line": 44,
            "column": 29
          },
          "end": {
            "line": 62,
            "column": 3
          }
        },
        "line": 44
      },
      "4": {
        "name": "(anonymous_4)",
        "decl": {
          "start": {
            "line": 64,
            "column": 23
          },
          "end": {
            "line": 64,
            "column": 24
          }
        },
        "loc": {
          "start": {
            "line": 64,
            "column": 29
          },
          "end": {
            "line": 71,
            "column": 3
          }
        },
        "line": 64
      },
      "5": {
        "name": "(anonymous_5)",
        "decl": {
          "start": {
            "line": 73,
            "column": 22
          },
          "end": {
            "line": 73,
            "column": 23
          }
        },
        "loc": {
          "start": {
            "line": 73,
            "column": 33
          },
          "end": {
            "line": 87,
            "column": 3
          }
        },
        "line": 73
      },
      "6": {
        "name": "(anonymous_6)",
        "decl": {
          "start": {
            "line": 73,
            "column": 33
          },
          "end": {
            "line": 73,
            "column": 34
          }
        },
        "loc": {
          "start": {
            "line": 73,
            "column": 40
          },
          "end": {
            "line": 87,
            "column": 3
          }
        },
        "line": 73
      },
      "7": {
        "name": "(anonymous_7)",
        "decl": {
          "start": {
            "line": 100,
            "column": 27
          },
          "end": {
            "line": 100,
            "column": 28
          }
        },
        "loc": {
          "start": {
            "line": 101,
            "column": 14
          },
          "end": {
            "line": 106,
            "column": 19
          }
        },
        "line": 101
      }
    },
    "branchMap": {
      "0": {
        "loc": {
          "start": {
            "line": 16,
            "column": 16
          },
          "end": {
            "line": 16,
            "column": 29
          }
        },
        "type": "default-arg",
        "locations": [
          {
            "start": {
              "line": 16,
              "column": 27
            },
            "end": {
              "line": 16,
              "column": 29
            }
          }
        ],
        "line": 16
      },
      "1": {
        "loc": {
          "start": {
            "line": 33,
            "column": 6
          },
          "end": {
            "line": 35,
            "column": 7
          }
        },
        "type": "if",
        "locations": [
          {
            "start": {
              "line": 33,
              "column": 6
            },
            "end": {
              "line": 35,
              "column": 7
            }
          },
          {
            "start": {
              "line": 33,
              "column": 6
            },
            "end": {
              "line": 35,
              "column": 7
            }
          }
        ],
        "line": 33
      },
      "2": {
        "loc": {
          "start": {
            "line": 37,
            "column": 4
          },
          "end": {
            "line": 41,
            "column": 5
          }
        },
        "type": "if",
        "locations": [
          {
            "start": {
              "line": 37,
              "column": 4
            },
            "end": {
              "line": 41,
              "column": 5
            }
          },
          {
            "start": {
              "line": 37,
              "column": 4
            },
            "end": {
              "line": 41,
              "column": 5
            }
          }
        ],
        "line": 37
      },
      "3": {
        "loc": {
          "start": {
            "line": 45,
            "column": 4
          },
          "end": {
            "line": 61,
            "column": 5
          }
        },
        "type": "if",
        "locations": [
          {
            "start": {
              "line": 45,
              "column": 4
            },
            "end": {
              "line": 61,
              "column": 5
            }
          },
          {
            "start": {
              "line": 45,
              "column": 4
            },
            "end": {
              "line": 61,
              "column": 5
            }
          }
        ],
        "line": 45
      },
      "4": {
        "loc": {
          "start": {
            "line": 48,
            "column": 8
          },
          "end": {
            "line": 59,
            "column": 9
          }
        },
        "type": "if",
        "locations": [
          {
            "start": {
              "line": 48,
              "column": 8
            },
            "end": {
              "line": 59,
              "column": 9
            }
          },
          {
            "start": {
              "line": 48,
              "column": 8
            },
            "end": {
              "line": 59,
              "column": 9
            }
          }
        ],
        "line": 48
      },
      "5": {
        "loc": {
          "start": {
            "line": 94,
            "column": 18
          },
          "end": {
            "line": 94,
            "column": 33
          }
        },
        "type": "binary-expr",
        "locations": [
          {
            "start": {
              "line": 94,
              "column": 18
            },
            "end": {
              "line": 94,
              "column": 22
            }
          },
          {
            "start": {
              "line": 94,
              "column": 26
            },
            "end": {
              "line": 94,
              "column": 33
            }
          }
        ],
        "line": 94
      },
      "6": {
        "loc": {
          "start": {
            "line": 95,
            "column": 22
          },
          "end": {
            "line": 95,
            "column": 43
          }
        },
        "type": "binary-expr",
        "locations": [
          {
            "start": {
              "line": 95,
              "column": 22
            },
            "end": {
              "line": 95,
              "column": 26
            }
          },
          {
            "start": {
              "line": 95,
              "column": 30
            },
            "end": {
              "line": 95,
              "column": 43
            }
          }
        ],
        "line": 95
      },
      "7": {
        "loc": {
          "start": {
            "line": 98,
            "column": 11
          },
          "end": {
            "line": 107,
            "column": 14
          }
        },
        "type": "binary-expr",
        "locations": [
          {
            "start": {
              "line": 98,
              "column": 11
            },
            "end": {
              "line": 98,
              "column": 15
            }
          },
          {
            "start": {
              "line": 99,
              "column": 12
            },
            "end": {
              "line": 99,
              "column": 22
            }
          },
          {
            "start": {
              "line": 100,
              "column": 12
            },
            "end": {
              "line": 107,
              "column": 14
            }
          }
        ],
        "line": 98
      },
      "8": {
        "loc": {
          "start": {
            "line": 103,
            "column": 17
          },
          "end": {
            "line": 105,
            "column": 24
          }
        },
        "type": "cond-expr",
        "locations": [
          {
            "start": {
              "line": 104,
              "column": 18
            },
            "end": {
              "line": 104,
              "column": 72
            }
          },
          {
            "start": {
              "line": 105,
              "column": 20
            },
            "end": {
              "line": 105,
              "column": 24
            }
          }
        ],
        "line": 103
      },
      "9": {
        "loc": {
          "start": {
            "line": 109,
            "column": 9
          },
          "end": {
            "line": 110,
            "column": 60
          }
        },
        "type": "binary-expr",
        "locations": [
          {
            "start": {
              "line": 109,
              "column": 9
            },
            "end": {
              "line": 109,
              "column": 24
            }
          },
          {
            "start": {
              "line": 109,
              "column": 28
            },
            "end": {
              "line": 109,
              "column": 43
            }
          },
          {
            "start": {
              "line": 110,
              "column": 10
            },
            "end": {
              "line": 110,
              "column": 60
            }
          }
        ],
        "line": 109
      }
    },
    "s": {
      "0": 0,
      "1": 0,
      "2": 0,
      "3": 0,
      "4": 0,
      "5": 0,
      "6": 0,
      "7": 0,
      "8": 0,
      "9": 0,
      "10": 0,
      "11": 0,
      "12": 0,
      "13": 0,
      "14": 0,
      "15": 0,
      "16": 0,
      "17": 0,
      "18": 0,
      "19": 0,
      "20": 0,
      "21": 0,
      "22": 0,
      "23": 0,
      "24": 0,
      "25": 0,
      "26": 0,
      "27": 0,
      "28": 0
    },
    "f": {
      "0": 0,
      "1": 0,
      "2": 0,
      "3": 0,
      "4": 0,
      "5": 0,
      "6": 0,
      "7": 0
    },
    "b": {
      "0": [
        0
      ],
      "1": [
        0,
        0
      ],
      "2": [
        0,
        0
      ],
      "3": [
        0,
        0
      ],
      "4": [
        0,
        0
      ],
      "5": [
        0,
        0
      ],
      "6": [
        0,
        0
      ],
      "7": [
        0,
        0,
        0
      ],
      "8": [
        0,
        0
      ],
      "9": [
        0,
        0,
        0
      ]
    },
    "_coverageSchema": "1a1c01bbd47fc00a2c39e90264f33305004495a9",
    "hash": "c7c3606b29bd0063c3d66035f7f889f8a915782f"
  },
  "/Users/dmillen/Course/CatchMe-Web/src/graphql/mutations/updateLocation.js": {
    "path": "/Users/dmillen/Course/CatchMe-Web/src/graphql/mutations/updateLocation.js",
    "statementMap": {
      "0": {
        "start": {
          "line": 3,
          "column": 31
        },
        "end": {
          "line": 28,
          "column": 1
        }
      }
    },
    "fnMap": {},
    "branchMap": {},
    "s": {
      "0": 1
    },
    "f": {},
    "b": {},
    "_coverageSchema": "1a1c01bbd47fc00a2c39e90264f33305004495a9",
    "hash": "a0921971633d63631bfc08d9b0d59eb643bf2793"
  },
  "/Users/dmillen/Course/CatchMe-Web/src/graphql/queries/location.js": {
    "path": "/Users/dmillen/Course/CatchMe-Web/src/graphql/queries/location.js",
    "statementMap": {
      "0": {
        "start": {
          "line": 3,
          "column": 30
        },
        "end": {
          "line": 14,
          "column": 1
        }
      }
    },
    "fnMap": {},
    "branchMap": {},
    "s": {
      "0": 1
    },
    "f": {},
    "b": {},
    "_coverageSchema": "1a1c01bbd47fc00a2c39e90264f33305004495a9",
    "hash": "733b373e9646924c27b8d977138556370a0ab005"
  },
  "/Users/dmillen/Course/CatchMe-Web/src/graphql/mutations/createScore.js": {
    "path": "/Users/dmillen/Course/CatchMe-Web/src/graphql/mutations/createScore.js",
    "statementMap": {
      "0": {
        "start": {
          "line": 3,
          "column": 28
        },
        "end": {
          "line": 10,
          "column": 1
        }
      }
    },
    "fnMap": {},
    "branchMap": {},
    "s": {
      "0": 1
    },
    "f": {},
    "b": {},
    "_coverageSchema": "1a1c01bbd47fc00a2c39e90264f33305004495a9",
    "hash": "ce11952a3d9d7af9dbae6268a5ae1dd3a2f54fff"
  },
  "/Users/dmillen/Course/CatchMe-Web/src/components/DistanceCalculator2.js": {
    "path": "/Users/dmillen/Course/CatchMe-Web/src/components/DistanceCalculator2.js",
    "statementMap": {
      "0": {
        "start": {
          "line": 11,
          "column": 15
        },
        "end": {
          "line": 13,
          "column": 2
        }
      },
      "1": {
        "start": {
          "line": 16,
          "column": 2
        },
        "end": {
          "line": 16,
          "column": 38
        }
      },
      "2": {
        "start": {
          "line": 17,
          "column": 2
        },
        "end": {
          "line": 34,
          "column": 3
        }
      },
      "3": {
        "start": {
          "line": 18,
          "column": 4
        },
        "end": {
          "line": 18,
          "column": 13
        }
      },
      "4": {
        "start": {
          "line": 20,
          "column": 18
        },
        "end": {
          "line": 20,
          "column": 40
        }
      },
      "5": {
        "start": {
          "line": 21,
          "column": 18
        },
        "end": {
          "line": 21,
          "column": 40
        }
      },
      "6": {
        "start": {
          "line": 22,
          "column": 16
        },
        "end": {
          "line": 22,
          "column": 27
        }
      },
      "7": {
        "start": {
          "line": 23,
          "column": 19
        },
        "end": {
          "line": 23,
          "column": 42
        }
      },
      "8": {
        "start": {
          "line": 25,
          "column": 6
        },
        "end": {
          "line": 26,
          "column": 64
        }
      },
      "9": {
        "start": {
          "line": 27,
          "column": 4
        },
        "end": {
          "line": 29,
          "column": 5
        }
      },
      "10": {
        "start": {
          "line": 28,
          "column": 6
        },
        "end": {
          "line": 28,
          "column": 15
        }
      },
      "11": {
        "start": {
          "line": 30,
          "column": 4
        },
        "end": {
          "line": 30,
          "column": 27
        }
      },
      "12": {
        "start": {
          "line": 31,
          "column": 4
        },
        "end": {
          "line": 31,
          "column": 34
        }
      },
      "13": {
        "start": {
          "line": 32,
          "column": 4
        },
        "end": {
          "line": 32,
          "column": 41
        }
      },
      "14": {
        "start": {
          "line": 33,
          "column": 4
        },
        "end": {
          "line": 33,
          "column": 16
        }
      },
      "15": {
        "start": {
          "line": 38,
          "column": 19
        },
        "end": {
          "line": 38,
          "column": 32
        }
      },
      "16": {
        "start": {
          "line": 39,
          "column": 27
        },
        "end": {
          "line": 39,
          "column": 55
        }
      },
      "17": {
        "start": {
          "line": 40,
          "column": 24
        },
        "end": {
          "line": 40,
          "column": 49
        }
      },
      "18": {
        "start": {
          "line": 41,
          "column": 16
        },
        "end": {
          "line": 41,
          "column": 32
        }
      },
      "19": {
        "start": {
          "line": 42,
          "column": 28
        },
        "end": {
          "line": 42,
          "column": 42
        }
      },
      "20": {
        "start": {
          "line": 43,
          "column": 34
        },
        "end": {
          "line": 43,
          "column": 45
        }
      },
      "21": {
        "start": {
          "line": 46,
          "column": 36
        },
        "end": {
          "line": 49,
          "column": 4
        }
      },
      "22": {
        "start": {
          "line": 52,
          "column": 32
        },
        "end": {
          "line": 55,
          "column": 4
        }
      },
      "23": {
        "start": {
          "line": 57,
          "column": 2
        },
        "end": {
          "line": 82,
          "column": 9
        }
      },
      "24": {
        "start": {
          "line": 58,
          "column": 25
        },
        "end": {
          "line": 58,
          "column": 29
        }
      },
      "25": {
        "start": {
          "line": 59,
          "column": 25
        },
        "end": {
          "line": 78,
          "column": 12
        }
      },
      "26": {
        "start": {
          "line": 60,
          "column": 6
        },
        "end": {
          "line": 77,
          "column": 8
        }
      },
      "27": {
        "start": {
          "line": 62,
          "column": 20
        },
        "end": {
          "line": 62,
          "column": 40
        }
      },
      "28": {
        "start": {
          "line": 63,
          "column": 21
        },
        "end": {
          "line": 63,
          "column": 42
        }
      },
      "29": {
        "start": {
          "line": 64,
          "column": 10
        },
        "end": {
          "line": 71,
          "column": 11
        }
      },
      "30": {
        "start": {
          "line": 65,
          "column": 12
        },
        "end": {
          "line": 65,
          "column": 40
        }
      },
      "31": {
        "start": {
          "line": 66,
          "column": 12
        },
        "end": {
          "line": 66,
          "column": 38
        }
      },
      "32": {
        "start": {
          "line": 67,
          "column": 12
        },
        "end": {
          "line": 67,
          "column": 28
        }
      },
      "33": {
        "start": {
          "line": 68,
          "column": 12
        },
        "end": {
          "line": 68,
          "column": 35
        }
      },
      "34": {
        "start": {
          "line": 70,
          "column": 12
        },
        "end": {
          "line": 70,
          "column": 38
        }
      },
      "35": {
        "start": {
          "line": 73,
          "column": 19
        },
        "end": {
          "line": 73,
          "column": 37
        }
      },
      "36": {
        "start": {
          "line": 79,
          "column": 4
        },
        "end": {
          "line": 81,
          "column": 6
        }
      },
      "37": {
        "start": {
          "line": 80,
          "column": 6
        },
        "end": {
          "line": 80,
          "column": 34
        }
      },
      "38": {
        "start": {
          "line": 84,
          "column": 2
        },
        "end": {
          "line": 98,
          "column": 23
        }
      },
      "39": {
        "start": {
          "line": 85,
          "column": 4
        },
        "end": {
          "line": 97,
          "column": 5
        }
      },
      "40": {
        "start": {
          "line": 86,
          "column": 6
        },
        "end": {
          "line": 94,
          "column": 8
        }
      },
      "41": {
        "start": {
          "line": 95,
          "column": 6
        },
        "end": {
          "line": 95,
          "column": 59
        }
      },
      "42": {
        "start": {
          "line": 96,
          "column": 6
        },
        "end": {
          "line": 96,
          "column": 35
        }
      },
      "43": {
        "start": {
          "line": 100,
          "column": 2
        },
        "end": {
          "line": 142,
          "column": 24
        }
      },
      "44": {
        "start": {
          "line": 101,
          "column": 4
        },
        "end": {
          "line": 101,
          "column": 40
        }
      },
      "45": {
        "start": {
          "line": 102,
          "column": 4
        },
        "end": {
          "line": 102,
          "column": 33
        }
      },
      "46": {
        "start": {
          "line": 103,
          "column": 4
        },
        "end": {
          "line": 141,
          "column": 5
        }
      },
      "47": {
        "start": {
          "line": 104,
          "column": 6
        },
        "end": {
          "line": 104,
          "column": 28
        }
      },
      "48": {
        "start": {
          "line": 105,
          "column": 6
        },
        "end": {
          "line": 105,
          "column": 29
        }
      },
      "49": {
        "start": {
          "line": 106,
          "column": 6
        },
        "end": {
          "line": 106,
          "column": 27
        }
      },
      "50": {
        "start": {
          "line": 107,
          "column": 6
        },
        "end": {
          "line": 121,
          "column": 9
        }
      },
      "51": {
        "start": {
          "line": 122,
          "column": 38
        },
        "end": {
          "line": 125,
          "column": 8
        }
      },
      "52": {
        "start": {
          "line": 127,
          "column": 19
        },
        "end": {
          "line": 129,
          "column": 8
        }
      },
      "53": {
        "start": {
          "line": 128,
          "column": 8
        },
        "end": {
          "line": 128,
          "column": 39
        }
      },
      "54": {
        "start": {
          "line": 130,
          "column": 6
        },
        "end": {
          "line": 130,
          "column": 100
        }
      },
      "55": {
        "start": {
          "line": 131,
          "column": 6
        },
        "end": {
          "line": 131,
          "column": 51
        }
      },
      "56": {
        "start": {
          "line": 132,
          "column": 6
        },
        "end": {
          "line": 140,
          "column": 7
        }
      },
      "57": {
        "start": {
          "line": 133,
          "column": 8
        },
        "end": {
          "line": 133,
          "column": 51
        }
      },
      "58": {
        "start": {
          "line": 134,
          "column": 8
        },
        "end": {
          "line": 139,
          "column": 11
        }
      },
      "59": {
        "start": {
          "line": 144,
          "column": 2
        },
        "end": {
          "line": 144,
          "column": 15
        }
      }
    },
    "fnMap": {
      "0": {
        "name": "computeDistance",
        "decl": {
          "start": {
            "line": 15,
            "column": 9
          },
          "end": {
            "line": 15,
            "column": 24
          }
        },
        "loc": {
          "start": {
            "line": 15,
            "column": 49
          },
          "end": {
            "line": 35,
            "column": 1
          }
        },
        "line": 15
      },
      "1": {
        "name": "DistanceCalculator",
        "decl": {
          "start": {
            "line": 37,
            "column": 24
          },
          "end": {
            "line": 37,
            "column": 42
          }
        },
        "loc": {
          "start": {
            "line": 37,
            "column": 45
          },
          "end": {
            "line": 145,
            "column": 1
          }
        },
        "line": 37
      },
      "2": {
        "name": "(anonymous_2)",
        "decl": {
          "start": {
            "line": 57,
            "column": 12
          },
          "end": {
            "line": 57,
            "column": 13
          }
        },
        "loc": {
          "start": {
            "line": 57,
            "column": 18
          },
          "end": {
            "line": 82,
            "column": 3
          }
        },
        "line": 57
      },
      "3": {
        "name": "(anonymous_3)",
        "decl": {
          "start": {
            "line": 59,
            "column": 37
          },
          "end": {
            "line": 59,
            "column": 38
          }
        },
        "loc": {
          "start": {
            "line": 59,
            "column": 43
          },
          "end": {
            "line": 78,
            "column": 5
          }
        },
        "line": 59
      },
      "4": {
        "name": "(anonymous_4)",
        "decl": {
          "start": {
            "line": 61,
            "column": 8
          },
          "end": {
            "line": 61,
            "column": 9
          }
        },
        "loc": {
          "start": {
            "line": 61,
            "column": 18
          },
          "end": {
            "line": 72,
            "column": 9
          }
        },
        "line": 61
      },
      "5": {
        "name": "(anonymous_5)",
        "decl": {
          "start": {
            "line": 73,
            "column": 8
          },
          "end": {
            "line": 73,
            "column": 9
          }
        },
        "loc": {
          "start": {
            "line": 73,
            "column": 19
          },
          "end": {
            "line": 73,
            "column": 37
          }
        },
        "line": 73
      },
      "6": {
        "name": "(anonymous_6)",
        "decl": {
          "start": {
            "line": 79,
            "column": 11
          },
          "end": {
            "line": 79,
            "column": 12
          }
        },
        "loc": {
          "start": {
            "line": 79,
            "column": 17
          },
          "end": {
            "line": 81,
            "column": 5
          }
        },
        "line": 79
      },
      "7": {
        "name": "(anonymous_7)",
        "decl": {
          "start": {
            "line": 84,
            "column": 12
          },
          "end": {
            "line": 84,
            "column": 13
          }
        },
        "loc": {
          "start": {
            "line": 84,
            "column": 18
          },
          "end": {
            "line": 98,
            "column": 3
          }
        },
        "line": 84
      },
      "8": {
        "name": "(anonymous_8)",
        "decl": {
          "start": {
            "line": 100,
            "column": 12
          },
          "end": {
            "line": 100,
            "column": 13
          }
        },
        "loc": {
          "start": {
            "line": 100,
            "column": 24
          },
          "end": {
            "line": 142,
            "column": 3
          }
        },
        "line": 100
      },
      "9": {
        "name": "(anonymous_9)",
        "decl": {
          "start": {
            "line": 127,
            "column": 37
          },
          "end": {
            "line": 127,
            "column": 38
          }
        },
        "loc": {
          "start": {
            "line": 127,
            "column": 47
          },
          "end": {
            "line": 129,
            "column": 7
          }
        },
        "line": 127
      }
    },
    "branchMap": {
      "0": {
        "loc": {
          "start": {
            "line": 17,
            "column": 2
          },
          "end": {
            "line": 34,
            "column": 3
          }
        },
        "type": "if",
        "locations": [
          {
            "start": {
              "line": 17,
              "column": 2
            },
            "end": {
              "line": 34,
              "column": 3
            }
          },
          {
            "start": {
              "line": 17,
              "column": 2
            },
            "end": {
              "line": 34,
              "column": 3
            }
          }
        ],
        "line": 17
      },
      "1": {
        "loc": {
          "start": {
            "line": 17,
            "column": 6
          },
          "end": {
            "line": 17,
            "column": 34
          }
        },
        "type": "binary-expr",
        "locations": [
          {
            "start": {
              "line": 17,
              "column": 6
            },
            "end": {
              "line": 17,
              "column": 18
            }
          },
          {
            "start": {
              "line": 17,
              "column": 22
            },
            "end": {
              "line": 17,
              "column": 34
            }
          }
        ],
        "line": 17
      },
      "2": {
        "loc": {
          "start": {
            "line": 27,
            "column": 4
          },
          "end": {
            "line": 29,
            "column": 5
          }
        },
        "type": "if",
        "locations": [
          {
            "start": {
              "line": 27,
              "column": 4
            },
            "end": {
              "line": 29,
              "column": 5
            }
          },
          {
            "start": {
              "line": 27,
              "column": 4
            },
            "end": {
              "line": 29,
              "column": 5
            }
          }
        ],
        "line": 27
      },
      "3": {
        "loc": {
          "start": {
            "line": 64,
            "column": 10
          },
          "end": {
            "line": 71,
            "column": 11
          }
        },
        "type": "if",
        "locations": [
          {
            "start": {
              "line": 64,
              "column": 10
            },
            "end": {
              "line": 71,
              "column": 11
            }
          },
          {
            "start": {
              "line": 64,
              "column": 10
            },
            "end": {
              "line": 71,
              "column": 11
            }
          }
        ],
        "line": 64
      },
      "4": {
        "loc": {
          "start": {
            "line": 85,
            "column": 4
          },
          "end": {
            "line": 97,
            "column": 5
          }
        },
        "type": "if",
        "locations": [
          {
            "start": {
              "line": 85,
              "column": 4
            },
            "end": {
              "line": 97,
              "column": 5
            }
          },
          {
            "start": {
              "line": 85,
              "column": 4
            },
            "end": {
              "line": 97,
              "column": 5
            }
          }
        ],
        "line": 85
      },
      "5": {
        "loc": {
          "start": {
            "line": 103,
            "column": 4
          },
          "end": {
            "line": 141,
            "column": 5
          }
        },
        "type": "if",
        "locations": [
          {
            "start": {
              "line": 103,
              "column": 4
            },
            "end": {
              "line": 141,
              "column": 5
            }
          },
          {
            "start": {
              "line": 103,
              "column": 4
            },
            "end": {
              "line": 141,
              "column": 5
            }
          }
        ],
        "line": 103
      },
      "6": {
        "loc": {
          "start": {
            "line": 122,
            "column": 20
          },
          "end": {
            "line": 122,
            "column": 33
          }
        },
        "type": "default-arg",
        "locations": [
          {
            "start": {
              "line": 122,
              "column": 31
            },
            "end": {
              "line": 122,
              "column": 33
            }
          }
        ],
        "line": 122
      },
      "7": {
        "loc": {
          "start": {
            "line": 132,
            "column": 6
          },
          "end": {
            "line": 140,
            "column": 7
          }
        },
        "type": "if",
        "locations": [
          {
            "start": {
              "line": 132,
              "column": 6
            },
            "end": {
              "line": 140,
              "column": 7
            }
          },
          {
            "start": {
              "line": 132,
              "column": 6
            },
            "end": {
              "line": 140,
              "column": 7
            }
          }
        ],
        "line": 132
      }
    },
    "s": {
      "0": 1,
      "1": 0,
      "2": 0,
      "3": 0,
      "4": 0,
      "5": 0,
      "6": 0,
      "7": 0,
      "8": 0,
      "9": 0,
      "10": 0,
      "11": 0,
      "12": 0,
      "13": 0,
      "14": 0,
      "15": 0,
      "16": 0,
      "17": 0,
      "18": 0,
      "19": 0,
      "20": 0,
      "21": 0,
      "22": 0,
      "23": 0,
      "24": 0,
      "25": 0,
      "26": 0,
      "27": 0,
      "28": 0,
      "29": 0,
      "30": 0,
      "31": 0,
      "32": 0,
      "33": 0,
      "34": 0,
      "35": 0,
      "36": 0,
      "37": 0,
      "38": 0,
      "39": 0,
      "40": 0,
      "41": 0,
      "42": 0,
      "43": 0,
      "44": 0,
      "45": 0,
      "46": 0,
      "47": 0,
      "48": 0,
      "49": 0,
      "50": 0,
      "51": 0,
      "52": 0,
      "53": 0,
      "54": 0,
      "55": 0,
      "56": 0,
      "57": 0,
      "58": 0,
      "59": 0
    },
    "f": {
      "0": 0,
      "1": 0,
      "2": 0,
      "3": 0,
      "4": 0,
      "5": 0,
      "6": 0,
      "7": 0,
      "8": 0,
      "9": 0
    },
    "b": {
      "0": [
        0,
        0
      ],
      "1": [
        0,
        0
      ],
      "2": [
        0,
        0
      ],
      "3": [
        0,
        0
      ],
      "4": [
        0,
        0
      ],
      "5": [
        0,
        0
      ],
      "6": [
        0
      ],
      "7": [
        0,
        0
      ]
    },
    "_coverageSchema": "1a1c01bbd47fc00a2c39e90264f33305004495a9",
    "hash": "9c37a7a4a69521d9bd929adcf4b1c2b2de1cda6d"
  },
  "/Users/dmillen/Course/CatchMe-Web/src/components/ProgressBar.js": {
    "path": "/Users/dmillen/Course/CatchMe-Web/src/components/ProgressBar.js",
    "statementMap": {
      "0": {
        "start": {
          "line": 6,
          "column": 20
        },
        "end": {
          "line": 40,
          "column": 1
        }
      },
      "1": {
        "start": {
          "line": 7,
          "column": 34
        },
        "end": {
          "line": 7,
          "column": 39
        }
      },
      "2": {
        "start": {
          "line": 8,
          "column": 28
        },
        "end": {
          "line": 8,
          "column": 52
        }
      },
      "3": {
        "start": {
          "line": 10,
          "column": 26
        },
        "end": {
          "line": 16,
          "column": 3
        }
      },
      "4": {
        "start": {
          "line": 18,
          "column": 23
        },
        "end": {
          "line": 25,
          "column": 3
        }
      },
      "5": {
        "start": {
          "line": 27,
          "column": 22
        },
        "end": {
          "line": 31,
          "column": 3
        }
      },
      "6": {
        "start": {
          "line": 33,
          "column": 2
        },
        "end": {
          "line": 39,
          "column": 4
        }
      },
      "7": {
        "start": {
          "line": 42,
          "column": 0
        },
        "end": {
          "line": 45,
          "column": 2
        }
      }
    },
    "fnMap": {
      "0": {
        "name": "(anonymous_0)",
        "decl": {
          "start": {
            "line": 6,
            "column": 20
          },
          "end": {
            "line": 6,
            "column": 21
          }
        },
        "loc": {
          "start": {
            "line": 6,
            "column": 31
          },
          "end": {
            "line": 40,
            "column": 1
          }
        },
        "line": 6
      }
    },
    "branchMap": {
      "0": {
        "loc": {
          "start": {
            "line": 20,
            "column": 14
          },
          "end": {
            "line": 20,
            "column": 64
          }
        },
        "type": "cond-expr",
        "locations": [
          {
            "start": {
              "line": 20,
              "column": 41
            },
            "end": {
              "line": 20,
              "column": 44
            }
          },
          {
            "start": {
              "line": 20,
              "column": 47
            },
            "end": {
              "line": 20,
              "column": 64
            }
          }
        ],
        "line": 20
      }
    },
    "s": {
      "0": 1,
      "1": 0,
      "2": 0,
      "3": 0,
      "4": 0,
      "5": 0,
      "6": 0,
      "7": 1
    },
    "f": {
      "0": 0
    },
    "b": {
      "0": [
        0,
        0
      ]
    },
    "_coverageSchema": "1a1c01bbd47fc00a2c39e90264f33305004495a9",
    "hash": "e44881e0f2b31a5868a5c68d1bcc07944d6f7661"
  },
  "/Users/dmillen/Course/CatchMe-Web/src/components/Map.js": {
    "path": "/Users/dmillen/Course/CatchMe-Web/src/components/Map.js",
    "statementMap": {
      "0": {
        "start": {
          "line": 8,
          "column": 19
        },
        "end": {
          "line": 8,
          "column": 32
        }
      },
      "1": {
        "start": {
          "line": 9,
          "column": 18
        },
        "end": {
          "line": 9,
          "column": 30
        }
      },
      "2": {
        "start": {
          "line": 10,
          "column": 54
        },
        "end": {
          "line": 10,
          "column": 72
        }
      },
      "3": {
        "start": {
          "line": 13,
          "column": 34
        },
        "end": {
          "line": 21,
          "column": 4
        }
      },
      "4": {
        "start": {
          "line": 19,
          "column": 6
        },
        "end": {
          "line": 19,
          "column": 26
        }
      },
      "5": {
        "start": {
          "line": 24,
          "column": 16
        },
        "end": {
          "line": 24,
          "column": 26
        }
      },
      "6": {
        "start": {
          "line": 27,
          "column": 14
        },
        "end": {
          "line": 27,
          "column": 16
        }
      },
      "7": {
        "start": {
          "line": 29,
          "column": 4
        },
        "end": {
          "line": 43,
          "column": 5
        }
      },
      "8": {
        "start": {
          "line": 32,
          "column": 6
        },
        "end": {
          "line": 36,
          "column": 9
        }
      },
      "9": {
        "start": {
          "line": 44,
          "column": 4
        },
        "end": {
          "line": 44,
          "column": 23
        }
      },
      "10": {
        "start": {
          "line": 45,
          "column": 4
        },
        "end": {
          "line": 52,
          "column": 5
        }
      },
      "11": {
        "start": {
          "line": 45,
          "column": 30
        },
        "end": {
          "line": 45,
          "column": 40
        }
      },
      "12": {
        "start": {
          "line": 46,
          "column": 6
        },
        "end": {
          "line": 50,
          "column": 9
        }
      },
      "13": {
        "start": {
          "line": 51,
          "column": 6
        },
        "end": {
          "line": 51,
          "column": 13
        }
      },
      "14": {
        "start": {
          "line": 53,
          "column": 4
        },
        "end": {
          "line": 53,
          "column": 21
        }
      },
      "15": {
        "start": {
          "line": 56,
          "column": 4
        },
        "end": {
          "line": 56,
          "column": 31
        }
      },
      "16": {
        "start": {
          "line": 57,
          "column": 4
        },
        "end": {
          "line": 57,
          "column": 13
        }
      },
      "17": {
        "start": {
          "line": 64,
          "column": 2
        },
        "end": {
          "line": 74,
          "column": 4
        }
      },
      "18": {
        "start": {
          "line": 67,
          "column": 8
        },
        "end": {
          "line": 71,
          "column": 14
        }
      }
    },
    "fnMap": {
      "0": {
        "name": "Map",
        "decl": {
          "start": {
            "line": 7,
            "column": 9
          },
          "end": {
            "line": 7,
            "column": 12
          }
        },
        "loc": {
          "start": {
            "line": 7,
            "column": 15
          },
          "end": {
            "line": 75,
            "column": 1
          }
        },
        "line": 7
      },
      "1": {
        "name": "(anonymous_1)",
        "decl": {
          "start": {
            "line": 18,
            "column": 17
          },
          "end": {
            "line": 18,
            "column": 18
          }
        },
        "loc": {
          "start": {
            "line": 18,
            "column": 29
          },
          "end": {
            "line": 20,
            "column": 5
          }
        },
        "line": 18
      },
      "2": {
        "name": "changeState",
        "decl": {
          "start": {
            "line": 23,
            "column": 11
          },
          "end": {
            "line": 23,
            "column": 22
          }
        },
        "loc": {
          "start": {
            "line": 23,
            "column": 25
          },
          "end": {
            "line": 62,
            "column": 3
          }
        },
        "line": 23
      },
      "3": {
        "name": "(anonymous_3)",
        "decl": {
          "start": {
            "line": 45,
            "column": 20
          },
          "end": {
            "line": 45,
            "column": 21
          }
        },
        "loc": {
          "start": {
            "line": 45,
            "column": 30
          },
          "end": {
            "line": 45,
            "column": 40
          }
        },
        "line": 45
      },
      "4": {
        "name": "(anonymous_4)",
        "decl": {
          "start": {
            "line": 66,
            "column": 30
          },
          "end": {
            "line": 66,
            "column": 31
          }
        },
        "loc": {
          "start": {
            "line": 67,
            "column": 8
          },
          "end": {
            "line": 71,
            "column": 14
          }
        },
        "line": 67
      }
    },
    "branchMap": {
      "0": {
        "loc": {
          "start": {
            "line": 13,
            "column": 16
          },
          "end": {
            "line": 13,
            "column": 29
          }
        },
        "type": "default-arg",
        "locations": [
          {
            "start": {
              "line": 13,
              "column": 27
            },
            "end": {
              "line": 13,
              "column": 29
            }
          }
        ],
        "line": 13
      },
      "1": {
        "loc": {
          "start": {
            "line": 45,
            "column": 4
          },
          "end": {
            "line": 52,
            "column": 5
          }
        },
        "type": "if",
        "locations": [
          {
            "start": {
              "line": 45,
              "column": 4
            },
            "end": {
              "line": 52,
              "column": 5
            }
          },
          {
            "start": {
              "line": 45,
              "column": 4
            },
            "end": {
              "line": 52,
              "column": 5
            }
          }
        ],
        "line": 45
      }
    },
    "s": {
      "0": 0,
      "1": 0,
      "2": 0,
      "3": 0,
      "4": 0,
      "5": 0,
      "6": 0,
      "7": 0,
      "8": 0,
      "9": 0,
      "10": 0,
      "11": 0,
      "12": 0,
      "13": 0,
      "14": 0,
      "15": 0,
      "16": 0,
      "17": 0,
      "18": 0
    },
    "f": {
      "0": 0,
      "1": 0,
      "2": 0,
      "3": 0,
      "4": 0
    },
    "b": {
      "0": [
        0
      ],
      "1": [
        0,
        0
      ]
    },
    "_coverageSchema": "1a1c01bbd47fc00a2c39e90264f33305004495a9",
    "hash": "39a7e2aae3969878076ad8fa3f9fd8cd0416edc6"
  },
  "/Users/dmillen/Course/CatchMe-Web/src/components/StopwatchDisplay.js": {
    "path": "/Users/dmillen/Course/CatchMe-Web/src/components/StopwatchDisplay.js",
    "statementMap": {
      "0": {
        "start": {
          "line": 6,
          "column": 4
        },
        "end": {
          "line": 14,
          "column": 6
        }
      },
      "1": {
        "start": {
          "line": 18,
          "column": 0
        },
        "end": {
          "line": 23,
          "column": 2
        }
      }
    },
    "fnMap": {
      "0": {
        "name": "(anonymous_0)",
        "decl": {
          "start": {
            "line": 5,
            "column": 2
          },
          "end": {
            "line": 5,
            "column": 3
          }
        },
        "loc": {
          "start": {
            "line": 5,
            "column": 11
          },
          "end": {
            "line": 15,
            "column": 3
          }
        },
        "line": 5
      }
    },
    "branchMap": {},
    "s": {
      "0": 0,
      "1": 1
    },
    "f": {
      "0": 0
    },
    "b": {},
    "_coverageSchema": "1a1c01bbd47fc00a2c39e90264f33305004495a9",
    "hash": "d959befb92eddc7e23301afc08b6dd54f4ec51a6"
  },
  "/Users/dmillen/Course/CatchMe-Web/src/components/StopwatchAutoStart.js": {
    "path": "/Users/dmillen/Course/CatchMe-Web/src/components/StopwatchAutoStart.js",
    "statementMap": {
      "0": {
        "start": {
          "line": 7,
          "column": 4
        },
        "end": {
          "line": 7,
          "column": 17
        }
      },
      "1": {
        "start": {
          "line": 9,
          "column": 4
        },
        "end": {
          "line": 14,
          "column": 6
        }
      },
      "2": {
        "start": {
          "line": 17,
          "column": 15
        },
        "end": {
          "line": 26,
          "column": 3
        }
      },
      "3": {
        "start": {
          "line": 18,
          "column": 16
        },
        "end": {
          "line": 18,
          "column": 30
        }
      },
      "4": {
        "start": {
          "line": 19,
          "column": 4
        },
        "end": {
          "line": 21,
          "column": 5
        }
      },
      "5": {
        "start": {
          "line": 20,
          "column": 6
        },
        "end": {
          "line": 20,
          "column": 26
        }
      },
      "6": {
        "start": {
          "line": 22,
          "column": 4
        },
        "end": {
          "line": 24,
          "column": 5
        }
      },
      "7": {
        "start": {
          "line": 23,
          "column": 6
        },
        "end": {
          "line": 23,
          "column": 26
        }
      },
      "8": {
        "start": {
          "line": 25,
          "column": 4
        },
        "end": {
          "line": 25,
          "column": 17
        }
      },
      "9": {
        "start": {
          "line": 29,
          "column": 4
        },
        "end": {
          "line": 32,
          "column": 5
        }
      },
      "10": {
        "start": {
          "line": 30,
          "column": 6
        },
        "end": {
          "line": 30,
          "column": 39
        }
      },
      "11": {
        "start": {
          "line": 31,
          "column": 6
        },
        "end": {
          "line": 31,
          "column": 54
        }
      },
      "12": {
        "start": {
          "line": 31,
          "column": 37
        },
        "end": {
          "line": 31,
          "column": 48
        }
      },
      "13": {
        "start": {
          "line": 36,
          "column": 4
        },
        "end": {
          "line": 36,
          "column": 38
        }
      },
      "14": {
        "start": {
          "line": 37,
          "column": 4
        },
        "end": {
          "line": 37,
          "column": 30
        }
      },
      "15": {
        "start": {
          "line": 40,
          "column": 9
        },
        "end": {
          "line": 50,
          "column": 3
        }
      },
      "16": {
        "start": {
          "line": 41,
          "column": 4
        },
        "end": {
          "line": 41,
          "column": 68
        }
      },
      "17": {
        "start": {
[...]
          },
          "end": {
            "line": 17,
            "column": 16
          }
        },
        "loc": {
          "start": {
            "line": 17,
            "column": 33
          },
          "end": {
            "line": 26,
            "column": 3
          }
        },
        "line": 17
      },
      "2": {
        "name": "(anonymous_2)",
        "decl": {
          "start": {
            "line": 28,
            "column": 2
          },
          "end": {
            "line": 28,
            "column": 3
          }
        },
        "loc": {
          "start": {
            "line": 28,
            "column": 10
          },
          "end": {
            "line": 33,
            "column": 3
          }
        },
        "line": 28
      },
      "3": {
        "name": "(anonymous_3)",
        "decl": {
          "start": {
            "line": 31,
            "column": 31
          },
          "end": {
            "line": 31,
            "column": 32
          }
        },
        "loc": {
          "start": {
            "line": 31,
            "column": 37
          },
          "end": {
            "line": 31,
            "column": 48
          }
        },
        "line": 31
      },
      "4": {
        "name": "(anonymous_4)",
        "decl": {
          "start": {
            "line": 35,
            "column": 2
          },
          "end": {
            "line": 35,
            "column": 3
          }
        },
        "loc": {
          "start": {
            "line": 35,
            "column": 9
          },
          "end": {
            "line": 38,
            "column": 3
          }
        },
        "line": 35
      },
      "5": {
        "name": "(anonymous_5)",
        "decl": {
          "start": {
            "line": 40,
            "column": 9
          },
          "end": {
            "line": 40,
            "column": 10
          }
        },
        "loc": {
          "start": {
            "line": 40,
            "column": 15
          },
          "end": {
            "line": 50,
            "column": 3
          }
        },
        "line": 40
      },
      "6": {
        "name": "(anonymous_6)",
        "decl": {
          "start": {
            "line": 52,
            "column": 10
          },
          "end": {
            "line": 52,
            "column": 11
          }
        },
        "loc": {
          "start": {
            "line": 52,
            "column": 16
          },
          "end": {
            "line": 58,
            "column": 3
          }
        },
        "line": 52
      },
      "7": {
        "name": "(anonymous_7)",
        "decl": {
          "start": {
            "line": 60,
            "column": 2
          },
          "end": {
            "line": 60,
            "column": 3
          }
        },
        "loc": {
          "start": {
            "line": 60,
            "column": 11
          },
          "end": {
            "line": 73,
            "column": 3
          }
        },
        "line": 60
      }
    },
    "branchMap": {
      "0": {
        "loc": {
          "start": {
            "line": 19,
            "column": 4
          },
          "end": {
            "line": 21,
            "column": 5
          }
        },
        "type": "if",
        "locations": [
          {
            "start": {
              "line": 19,
              "column": 4
            },
            "end": {
              "line": 21,
              "column": 5
            }
          },
          {
            "start": {
              "line": 19,
              "column": 4
            },
            "end": {
              "line": 21,
              "column": 5
            }
          }
        ],
        "line": 19
      },
      "1": {
        "loc": {
          "start": {
            "line": 22,
            "column": 4
          },
          "end": {
            "line": 24,
            "column": 5
          }
        },
        "type": "if",
        "locations": [
          {
            "start": {
              "line": 22,
              "column": 4
            },
            "end": {
              "line": 24,
              "column": 5
            }
          },
          {
            "start": {
              "line": 22,
              "column": 4
            },
            "end": {
              "line": 24,
              "column": 5
            }
          }
        ],
        "line": 22
      },
      "2": {
        "loc": {
          "start": {
            "line": 22,
            "column": 8
          },
          "end": {
            "line": 22,
            "column": 44
          }
        },
        "type": "binary-expr",
        "locations": [
          {
            "start": {
              "line": 22,
              "column": 8
            },
            "end": {
              "line": 22,
              "column": 24
            }
          },
          {
            "start": {
              "line": 22,
              "column": 28
            },
            "end": {
              "line": 22,
              "column": 44
            }
          }
        ],
        "line": 22
      },
      "3": {
        "loc": {
          "start": {
            "line": 29,
            "column": 4
          },
          "end": {
            "line": 32,
            "column": 5
          }
        },
        "type": "if",
        "locations": [
          {
            "start": {
              "line": 29,
              "column": 4
            },
            "end": {
              "line": 32,
              "column": 5
            }
          },
          {
            "start": {
              "line": 29,
              "column": 4
            },
            "end": {
              "line": 32,
              "column": 5
            }
          }
        ],
        "line": 29
      },
      "4": {
        "loc": {
          "start": {
            "line": 42,
            "column": 4
          },
          "end": {
            "line": 45,
            "column": 5
          }
        },
        "type": "if",
        "locations": [
          {
            "start": {
              "line": 42,
              "column": 4
            },
            "end": {
              "line": 45,
              "column": 5
            }
          },
          {
            "start": {
              "line": 42,
              "column": 4
            },
            "end": {
              "line": 45,
              "column": 5
            }
          }
        ],
        "line": 42
      },
      "5": {
        "loc": {
          "start": {
            "line": 46,
            "column": 4
          },
          "end": {
            "line": 49,
            "column": 5
          }
        },
        "type": "if",
        "locations": [
          {
            "start": {
              "line": 46,
              "column": 4
            },
            "end": {
              "line": 49,
              "column": 5
            }
          },
          {
            "start": {
              "line": 46,
              "column": 4
            },
            "end": {
              "line": 49,
              "column": 5
            }
          }
        ],
        "line": 46
      }
    },
    "s": {
      "0": 0,
      "1": 0,
      "2": 0,
      "3": 0,
      "4": 0,
      "5": 0,
      "6": 0,
      "7": 0,
      "8": 0,
      "9": 0,
      "10": 0,
      "11": 0,
      "12": 0,
      "13": 0,
      "14": 0,
      "15": 0,
      "16": 0,
      "17": 0,
      "18": 0,
      "19": 0,
      "20": 0,
      "21": 0,
      "22": 0,
      "23": 0,
      "24": 0,
      "25": 0
    },
    "f": {
      "0": 0,
      "1": 0,
      "2": 0,
      "3": 0,
      "4": 0,
      "5": 0,
      "6": 0,
      "7": 0
    },
    "b": {
      "0": [
        0,
        0
      ],
      "1": [
        0,
        0
      ],
      "2": [
        0,
        0
      ],
      "3": [
        0,
        0
      ],
      "4": [
        0,
        0
      ],
      "5": [
        0,
        0
      ]
    },
    "_coverageSchema": "1a1c01bbd47fc00a2c39e90264f33305004495a9",
    "hash": "c66aee82c70ee5d4d3f87e50ff403970ae6b2338"
  },
  "/Users/dmillen/Course/CatchMe-Web/src/Pages/Race.js": {
    "path": "/Users/dmillen/Course/CatchMe-Web/src/Pages/Race.js",
    "statementMap": {
      "0": {
        "start": {
          "line": 9,
          "column": 2
        },
        "end": {
          "line": 18,
          "column": 4
        }
      }
    },
    "fnMap": {
      "0": {
        "name": "Race",
        "decl": {
          "start": {
            "line": 8,
            "column": 9
          },
          "end": {
            "line": 8,
            "column": 13
          }
        },
        "loc": {
          "start": {
            "line": 8,
            "column": 16
          },
          "end": {
            "line": 19,
            "column": 1
          }
        },
        "line": 8
      }
    },
    "branchMap": {},
    "s": {
      "0": 0
    },
    "f": {
      "0": 0
    },
    "b": {},
    "_coverageSchema": "1a1c01bbd47fc00a2c39e90264f33305004495a9",
    "hash": "6ae1d569245aa30a6ae69a464af2011c3f20dd48"
  },
  "/Users/dmillen/Course/CatchMe-Web/src/components/RaceEnd.js": {
    "path": "/Users/dmillen/Course/CatchMe-Web/src/components/RaceEnd.js",
    "statementMap": {
      "0": {
        "start": {
          "line": 10,
          "column": 19
        },
        "end": {
          "line": 10,
          "column": 32
        }
      },
      "1": {
        "start": {
          "line": 11,
          "column": 18
        },
        "end": {
          "line": 11,
          "column": 30
        }
      },
      "2": {
        "start": {
          "line": 12,
          "column": 34
        },
        "end": {
          "line": 14,
          "column": 4
        }
      },
      "3": {
        "start": {
          "line": 16,
          "column": 19
        },
        "end": {
          "line": 22,
          "column": 3
        }
      },
      "4": {
        "start": {
          "line": 17,
          "column": 20
        },
        "end": {
          "line": 20,
          "column": 5
        }
      },
      "5": {
        "start": {
          "line": 19,
          "column": 28
        },
        "end": {
          "line": 19,
          "column": 40
        }
      },
      "6": {
        "start": {
          "line": 21,
          "column": 4
        },
        "end": {
          "line": 21,
          "column": 19
        }
      },
      "7": {
        "start": {
          "line": 24,
          "column": 2
        },
        "end": {
          "line": 48,
          "column": 4
        }
      },
      "8": {
        "start": {
          "line": 33,
          "column": 46
        },
        "end": {
          "line": 33,
          "column": 69
        }
      },
      "9": {
        "start": {
          "line": 37,
          "column": 12
        },
        "end": {
          "line": 41,
          "column": 15
        }
      }
    },
    "fnMap": {
      "0": {
        "name": "RaceEnd",
        "decl": {
          "start": {
            "line": 9,
            "column": 24
          },
          "end": {
            "line": 9,
            "column": 31
          }
        },
        "loc": {
          "start": {
            "line": 9,
            "column": 34
          },
          "end": {
            "line": 49,
            "column": 1
          }
        },
        "line": 9
      },
      "1": {
        "name": "(anonymous_1)",
        "decl": {
          "start": {
            "line": 16,
            "column": 19
          },
          "end": {
            "line": 16,
            "column": 20
          }
        },
        "loc": {
          "start": {
            "line": 16,
            "column": 25
          },
          "end": {
            "line": 22,
            "column": 3
          }
        },
        "line": 16
      },
      "2": {
        "name": "(anonymous_2)",
        "decl": {
          "start": {
            "line": 19,
            "column": 21
          },
          "end": {
            "line": 19,
            "column": 22
          }
        },
        "loc": {
          "start": {
            "line": 19,
            "column": 28
          },
          "end": {
            "line": 19,
            "column": 40
          }
        },
        "line": 19
      },
      "3": {
        "name": "(anonymous_3)",
        "decl": {
          "start": {
            "line": 33,
            "column": 36
          },
          "end": {
            "line": 33,
            "column": 37
          }
        },
        "loc": {
          "start": {
            "line": 33,
            "column": 46
          },
          "end": {
            "line": 33,
            "column": 69
          }
        },
        "line": 33
      },
      "4": {
        "name": "(anonymous_4)",
        "decl": {
          "start": {
            "line": 36,
            "column": 19
          },
          "end": {
            "line": 36,
            "column": 20
          }
        },
        "loc": {
          "start": {
            "line": 36,
            "column": 25
          },
          "end": {
            "line": 42,
            "column": 11
          }
        },
        "line": 36
      }
    },
    "branchMap": {
      "0": {
        "loc": {
          "start": {
            "line": 12,
            "column": 16
          },
          "end": {
            "line": 12,
            "column": 29
          }
        },
        "type": "default-arg",
        "locations": [
          {
            "start": {
              "line": 12,
              "column": 27
            },
            "end": {
              "line": 12,
              "column": 29
            }
          }
        ],
        "line": 12
      },
      "1": {
        "loc": {
          "start": {
            "line": 29,
            "column": 32
          },
          "end": {
            "line": 29,
            "column": 53
          }
        },
        "type": "binary-expr",
        "locations": [
          {
            "start": {
              "line": 29,
              "column": 32
            },
            "end": {
              "line": 29,
              "column": 36
            }
          },
          {
            "start": {
              "line": 29,
              "column": 40
            },
            "end": {
              "line": 29,
              "column": 53
            }
          }
        ],
        "line": 29
      },
      "2": {
        "loc": {
          "start": {
            "line": 30,
            "column": 24
          },
          "end": {
            "line": 30,
            "column": 46
          }
        },
        "type": "binary-expr",
        "locations": [
          {
            "start": {
              "line": 30,
              "column": 24
            },
            "end": {
              "line": 30,
              "column": 28
            }
          },
          {
            "start": {
              "line": 30,
              "column": 32
            },
            "end": {
              "line": 30,
              "column": 46
            }
          }
        ],
        "line": 30
      },
      "3": {
        "loc": {
          "start": {
            "line": 31,
            "column": 29
          },
          "end": {
            "line": 31,
            "column": 47
          }
        },
        "type": "binary-expr",
        "locations": [
          {
            "start": {
              "line": 31,
              "column": 29
            },
            "end": {
              "line": 31,
              "column": 33
            }
          },
          {
            "start": {
              "line": 31,
              "column": 37
            },
            "end": {
              "line": 31,
              "column": 47
            }
          }
        ],
        "line": 31
      },
      "4": {
        "loc": {
          "start": {
            "line": 32,
            "column": 19
          },
          "end": {
            "line": 33,
            "column": 81
          }
        },
        "type": "binary-expr",
        "locations": [
          {
            "start": {
              "line": 32,
              "column": 19
            },
            "end": {
              "line": 32,
              "column": 23
            }
          },
          {
            "start": {
              "line": 33,
              "column": 20
            },
            "end": {
              "line": 33,
              "column": 81
            }
          }
        ],
        "line": 32
      }
    },
    "s": {
      "0": 0,
      "1": 0,
      "2": 0,
      "3": 0,
      "4": 0,
      "5": 0,
      "6": 0,
      "7": 0,
      "8": 0,
      "9": 0
    },
    "f": {
      "0": 0,
      "1": 0,
      "2": 0,
      "3": 0,
      "4": 0
    },
    "b": {
      "0": [
        0
      ],
      "1": [
        0,
        0
      ],
      "2": [
        0,
        0
      ],
      "3": [
        0,
        0
      ],
      "4": [
        0,
        0
      ]
    },
    "_coverageSchema": "1a1c01bbd47fc00a2c39e90264f33305004495a9",
    "hash": "d0e35cf17a00c7d1cbe4d436c1f3b844494d1a0b"
  },
  "/Users/dmillen/Course/CatchMe-Web/src/Pages/Race-end.js": {
    "path": "/Users/dmillen/Course/CatchMe-Web/src/Pages/Race-end.js",
    "statementMap": {
      "0": {
        "start": {
          "line": 8,
          "column": 4
        },
        "end": {
          "line": 16,
          "column": 6
        }
      }
    },
    "fnMap": {
      "0": {
        "name": "(anonymous_0)",
        "decl": {
          "start": {
            "line": 7,
            "column": 2
          },
          "end": {
            "line": 7,
            "column": 3
          }
        },
        "loc": {
          "start": {
            "line": 7,
            "column": 11
          },
          "end": {
            "line": 17,
            "column": 3
          }
        },
        "line": 7
      }
    },
    "branchMap": {},
    "s": {
      "0": 0
    },
    "f": {
      "0": 0
    },
    "b": {},
    "_coverageSchema": "1a1c01bbd47fc00a2c39e90264f33305004495a9",
    "hash": "c33791572e4ab33c3e3cf091babf0e9249265c90"
  },
  "/Users/dmillen/Course/CatchMe-Web/src/App.js": {
    "path": "/Users/dmillen/Course/CatchMe-Web/src/App.js",
    "statementMap": {
      "0": {
        "start": {
          "line": 16,
          "column": 15
        },
        "end": {
          "line": 18,
          "column": 2
        }
      },
      "1": {
        "start": {
          "line": 21,
          "column": 2
        },
        "end": {
          "line": 52,
          "column": 4
        }
      }
    },
    "fnMap": {
      "0": {
        "name": "App",
        "decl": {
          "start": {
            "line": 20,
            "column": 9
          },
          "end": {
            "line": 20,
            "column": 12
          }
        },
        "loc": {
          "start": {
            "line": 20,
            "column": 15
          },
          "end": {
            "line": 53,
            "column": 1
          }
        },
        "line": 20
      }
    },
    "branchMap": {},
    "s": {
      "0": 1,
      "1": 1
    },
    "f": {
      "0": 1
    },
    "b": {},
    "_coverageSchema": "1a1c01bbd47fc00a2c39e90264f33305004495a9",
    "hash": "394292d028b37b53ceedb8b7288592d62dc898cf"
  },
  "/Users/dmillen/Course/CatchMe-Web/src/index.js": {
    "path": "/Users/dmillen/Course/CatchMe-Web/src/index.js",
    "statementMap": {
      "0": {
        "start": {
          "line": 8,
          "column": 0
        },
        "end": {
          "line": 8,
          "column": 59
        }
      }
    },
    "fnMap": {},
    "branchMap": {},
    "s": {
      "0": 1
    },
    "f": {},
    "b": {},
    "_coverageSchema": "1a1c01bbd47fc00a2c39e90264f33305004495a9",
    "hash": "18ee0a54c66211c42128b314484ea87a4761d3ea"
  }
}